[2026-02-24 19:52:59] laravel.EMERGENCY: Unable to create configured logger. Using emergency logger. {"exception":"[object] (InvalidArgumentException(code: 0): Log [] is not defined. at C:/Users/Arabin/Desktop/Projects/My Project/task/task1-multi-login-sso/foodpanda-app/vendor/laravel/framework/src/Illuminate/Log/LogManager.php:212)
[stacktrace]
#0 C:/Users/Arabin/Desktop/Projects/My Project/task/task1-multi-login-sso/foodpanda-app/vendor/laravel/framework/src/Illuminate/Log/LogManager.php(137): Illuminate/Log/LogManager->resolve(NULL, NULL)
#1 C:/Users/Arabin/Desktop/Projects/My Project/task/task1-multi-login-sso/foodpanda-app/vendor/laravel/framework/src/Illuminate/Log/LogManager.php(124): Illuminate/Log/LogManager->get(NULL)
#2 C:/Users/Arabin/Desktop/Projects/My Project/task/task1-multi-login-sso/foodpanda-app/vendor/laravel/framework/src/Illuminate/Log/LogManager.php(681): Illuminate/Log/LogManager->driver()
#3 C:/Users/Arabin/Desktop/Projects/My Project/task/task1-multi-login-sso/foodpanda-app/vendor/laravel/framework/src/Illuminate/Foundation/Exceptions/Handler.php(317): Illuminate/Log/LogManager->error('Illuminate//View...', Array)
#4 C:/Users/Arabin/Desktop/Projects/My Project/task/task1-multi-login-sso/foodpanda-app/vendor/laravel/framework/src/Illuminate/Foundation/Exceptions/Handler.php(278): Illuminate/Foundation/Exceptions/Handler->reportThrowable(Object(TypeError))
#5 C:/Users/Arabin/Desktop/Projects/My Project/task/task1-multi-login-sso/foodpanda-app/vendor/laravel/framework/src/Illuminate/Routing/Pipeline.php(49): Illuminate/Foundation/Exceptions/Handler->report(Object(TypeError))
#6 C:/Users/Arabin/Desktop/Projects/My Project/task/task1-multi-login-sso/foodpanda-app/vendor/laravel/framework/src/Illuminate/Pipeline/Pipeline.php(188): Illuminate/Routing/Pipeline->handleException(Object(Illuminate/Http/Request), Object(TypeError))
#7 C:/Users/Arabin/Desktop/Projects/My Project/task/task1-multi-login-sso/foodpanda-app/vendor/laravel/framework/src/Illuminate/Session/Middleware/StartSession.php(121): Illuminate/Pipeline/Pipeline->Illuminate/Pipeline/{closure}(Object(Illuminate/Http/Request))
#8 C:/Users/Arabin/Desktop/Projects/My Project/task/task1-multi-login-sso/foodpanda-app/vendor/laravel/framework/src/Illuminate/Session/Middleware/StartSession.php(64): Illuminate/Session/Middleware/StartSession->handleStatefulRequest(Object(Illuminate/Http/Request), Object(Illuminate/Session/Store), Object(Closure))
#9 C:/Users/Arabin/Desktop/Projects/My Project/task/task1-multi-login-sso/foodpanda-app/vendor/laravel/framework/src/Illuminate/Pipeline/Pipeline.php(183): Illuminate/Session/Middleware/StartSession->handle(Object(Illuminate/Http/Request), Object(Closure))
#10 C:/Users/Arabin/Desktop/Projects/My Project/task/task1-multi-login-sso/foodpanda-app/vendor/laravel/framework/src/Illuminate/Cookie/Middleware/AddQueuedCookiesToResponse.php(37): Illuminate/Pipeline/Pipeline->Illuminate/Pipeline/{closure}(Object(Illuminate/Http/Request))
#11 C:/Users/Arabin/Desktop/Projects/My Project/task/task1-multi-login-sso/foodpanda-app/vendor/laravel/framework/src/Illuminate/Pipeline/Pipeline.php(183): Illuminate/Cookie/Middleware/AddQueuedCookiesToResponse->handle(Object(Illuminate/Http/Request), Object(Closure))
#12 C:/Users/Arabin/Desktop/Projects/My Project/task/task1-multi-login-sso/foodpanda-app/vendor/laravel/framework/src/Illuminate/Cookie/Middleware/EncryptCookies.php(67): Illuminate/Pipeline/Pipeline->Illuminate/Pipeline/{closure}(Object(Illuminate/Http/Request))
#13 C:/Users/Arabin/Desktop/Projects/My Project/task/task1-multi-login-sso/foodpanda-app/vendor/laravel/framework/src/Illuminate/Pipeline/Pipeline.php(183): Illuminate/Cookie/Middleware/EncryptCookies->handle(Object(Illuminate/Http/Request), Object(Closure))
#14 C:/Users/Arabin/Desktop/Projects/My Project/task/task1-multi-login-sso/foodpanda-app/vendor/laravel/framework/src/Illuminate/Pipeline/Pipeline.php(119): Illuminate/Pipeline/Pipeline->Illuminate/Pipeline/{closure}(Object(Illuminate/Http/Request))
#15 C:/Users/Arabin/Desktop/Projects/My Project/task/task1-multi-login-sso/foodpanda-app/vendor/laravel/framework/src/Illuminate/Routing/Router.php(805): Illuminate/Pipeline/Pipeline->then(Object(Closure))
#16 C:/Users/Arabin/Desktop/Projects/My Project/task/task1-multi-login-sso/foodpanda-app/vendor/laravel/framework/src/Illuminate/Routing/Router.php(784): Illuminate/Routing/Router->runRouteWithinStack(Object(Illuminate/Routing/Route), Object(Illuminate/Http/Request))
#17 C:/Users/Arabin/Desktop/Projects/My Project/task/task1-multi-login-sso/foodpanda-app/vendor/laravel/framework/src/Illuminate/Routing/Router.php(748): Illuminate/Routing/Router->runRoute(Object(Illuminate/Http/Request), Object(Illuminate/Routing/Route))
#18 C:/Users/Arabin/Desktop/Projects/My Project/task/task1-multi-login-sso/foodpanda-app/vendor/laravel/framework/src/Illuminate/Routing/Router.php(737): Illuminate/Routing/Router->dispatchToRoute(Object(Illuminate/Http/Request))
#19 C:/Users/Arabin/Desktop/Projects/My Project/task/task1-multi-login-sso/foodpanda-app/vendor/laravel/framework/src/Illuminate/Foundation/Http/Kernel.php(200): Illuminate/Routing/Router->dispatch(Object(Illuminate/Http/Request))
#20 C:/Users/Arabin/Desktop/Projects/My Project/task/task1-multi-login-sso/foodpanda-app/vendor/laravel/framework/src/Illuminate/Pipeline/Pipeline.php(144): Illuminate/Foundation/Http/Kernel->Illuminate/Foundation/Http/{closure}(Object(Illuminate/Http/Request))
#21 C:/Users/Arabin/Desktop/Projects/My Project/task/task1-multi-login-sso/foodpanda-app/vendor/laravel/framework/src/Illuminate/Foundation/Http/Middleware/TransformsRequest.php(21): Illuminate/Pipeline/Pipeline->Illuminate/Pipeline/{closure}(Object(Illuminate/Http/Request))
#22 C:/Users/Arabin/Desktop/Projects/My Project/task/task1-multi-login-sso/foodpanda-app/vendor/laravel/framework/src/Illuminate/Foundation/Http/Middleware/ConvertEmptyStringsToNull.php(31): Illuminate/Foundation/Http/Middleware/TransformsRequest->handle(Object(Illuminate/Http/Request), Object(Closure))
#23 C:/Users/Arabin/Desktop/Projects/My Project/task/task1-multi-login-sso/foodpanda-app/vendor/laravel/framework/src/Illuminate/Pipeline/Pipeline.php(183): Illuminate/Foundation/Http/Middleware/ConvertEmptyStringsToNull->handle(Object(Illuminate/Http/Request), Object(Closure))
#24 C:/Users/Arabin/Desktop/Projects/My Project/task/task1-multi-login-sso/foodpanda-app/vendor/laravel/framework/src/Illuminate/Foundation/Http/Middleware/TransformsRequest.php(21): Illuminate/Pipeline/Pipeline->Illuminate/Pipeline/{closure}(Object(Illuminate/Http/Request))
#25 C:/Users/Arabin/Desktop/Projects/My Project/task/task1-multi-login-sso/foodpanda-app/vendor/laravel/framework/src/Illuminate/Foundation/Http/Middleware/TrimStrings.php(40): Illuminate/Foundation/Http/Middleware/TransformsRequest->handle(Object(Illuminate/Http/Request), Object(Closure))
#26 C:/Users/Arabin/Desktop/Projects/My Project/task/task1-multi-login-sso/foodpanda-app/vendor/laravel/framework/src/Illuminate/Pipeline/Pipeline.php(183): Illuminate/Foundation/Http/Middleware/TrimStrings->handle(Object(Illuminate/Http/Request), Object(Closure))
#27 C:/Users/Arabin/Desktop/Projects/My Project/task/task1-multi-login-sso/foodpanda-app/vendor/laravel/framework/src/Illuminate/Foundation/Http/Middleware/ValidatePostSize.php(27): Illuminate/Pipeline/Pipeline->Illuminate/Pipeline/{closure}(Object(Illuminate/Http/Request))
#28 C:/Users/Arabin/Desktop/Projects/My Project/task/task1-multi-login-sso/foodpanda-app/vendor/laravel/framework/src/Illuminate/Pipeline/Pipeline.php(183): Illuminate/Foundation/Http/Middleware/ValidatePostSize->handle(Object(Illuminate/Http/Request), Object(Closure))
#29 C:/Users/Arabin/Desktop/Projects/My Project/task/task1-multi-login-sso/foodpanda-app/vendor/laravel/framework/src/Illuminate/Foundation/Http/Middleware/PreventRequestsDuringMaintenance.php(99): Illuminate/Pipeline/Pipeline->Illuminate/Pipeline/{closure}(Object(Illuminate/Http/Request))
#30 C:/Users/Arabin/Desktop/Projects/My Project/task/task1-multi-login-sso/foodpanda-app/vendor/laravel/framework/src/Illuminate/Pipeline/Pipeline.php(183): Illuminate/Foundation/Http/Middleware/PreventRequestsDuringMaintenance->handle(Object(Illuminate/Http/Request), Object(Closure))
#31 C:/Users/Arabin/Desktop/Projects/My Project/task/task1-multi-login-sso/foodpanda-app/vendor/laravel/framework/src/Illuminate/Http/Middleware/HandleCors.php(49): Illuminate/Pipeline/Pipeline->Illuminate/Pipeline/{closure}(Object(Illuminate/Http/Request))
#32 C:/Users/Arabin/Desktop/Projects/My Project/task/task1-multi-login-sso/foodpanda-app/vendor/laravel/framework/src/Illuminate/Pipeline/Pipeline.php(183): Illuminate/Http/Middleware/HandleCors->handle(Object(Illuminate/Http/Request), Object(Closure))
#33 C:/Users/Arabin/Desktop/Projects/My Project/task/task1-multi-login-sso/foodpanda-app/vendor/laravel/framework/src/Illuminate/Http/Middleware/TrustProxies.php(39): Illuminate/Pipeline/Pipeline->Illuminate/Pipeline/{closure}(Object(Illuminate/Http/Request))
#34 C:/Users/Arabin/Desktop/Projects/My Project/task/task1-multi-login-sso/foodpanda-app/vendor/laravel/framework/src/Illuminate/Pipeline/Pipeline.php(183): Illuminate/Http/Middleware/TrustProxies->handle(Object(Illuminate/Http/Request), Object(Closure))
#35 C:/Users/Arabin/Desktop/Projects/My Project/task/task1-multi-login-sso/foodpanda-app/vendor/laravel/framework/src/Illuminate/Pipeline/Pipeline.php(119): Illuminate/Pipeline/Pipeline->Illuminate/Pipeline/{closure}(Object(Illuminate/Http/Request))
#36 C:/Users/Arabin/Desktop/Projects/My Project/task/task1-multi-login-sso/foodpanda-app/vendor/laravel/framework/src/Illuminate/Foundation/Http/Kernel.php(175): Illuminate/Pipeline/Pipeline->then(Object(Closure))
#37 C:/Users/Arabin/Desktop/Projects/My Project/task/task1-multi-login-sso/foodpanda-app/vendor/laravel/framework/src/Illuminate/Foundation/Http/Kernel.php(144): Illuminate/Foundation/Http/Kernel->sendRequestThroughRouter(Object(Illuminate/Http/Request))
#38 C:/Users/Arabin/Desktop/Projects/My Project/task/task1-multi-login-sso/foodpanda-app/public/index.php(36): Illuminate/Foundation/Http/Kernel->handle(Object(Illuminate/Http/Request))
#39 C:/Users/Arabin/Desktop/Projects/My Project/task/task1-multi-login-sso/foodpanda-app/vendor/laravel/framework/src/Illuminate/Foundation/resources/server.php(16): require_once('C://Users//Arabin...')
#40 {main}
"} 
[2026-02-24 19:52:59] laravel.ERROR: Illuminate\View\FileViewFinder::__construct(): Argument #2 ($paths) must be of type array, null given, called in C:\Users\Arabin\Desktop\Projects\My Project\task\task1-multi-login-sso\foodpanda-app\vendor\laravel\framework\src\Illuminate\View\ViewServiceProvider.php on line 85 {"exception":"[object] (TypeError(code: 0): Illuminate\\View\\FileViewFinder::__construct(): Argument #2 ($paths) must be of type array, null given, called in C:\\Users\\Arabin\\Desktop\\Projects\\My Project\\task\\task1-multi-login-sso\\foodpanda-app\\vendor\\laravel\\framework\\src\\Illuminate\\View\\ViewServiceProvider.php on line 85 at C:/Users/Arabin/Desktop/Projects/My Project/task/task1-multi-login-sso/foodpanda-app/vendor/laravel/framework/src/Illuminate/View/FileViewFinder.php:53)
[stacktrace]
#0 C:/Users/Arabin/Desktop/Projects/My Project/task/task1-multi-login-sso/foodpanda-app/vendor/laravel/framework/src/Illuminate/View/ViewServiceProvider.php(85): Illuminate/View/FileViewFinder->__construct(Object(Illuminate/Filesystem/Filesystem), NULL)
#1 C:/Users/Arabin/Desktop/Projects/My Project/task/task1-multi-login-sso/foodpanda-app/vendor/laravel/framework/src/Illuminate/Container/Container.php(908): Illuminate/View/ViewServiceProvider->Illuminate/View/{closure}(Object(Illuminate/Foundation/Application), Array)
#2 C:/Users/Arabin/Desktop/Projects/My Project/task/task1-multi-login-sso/foodpanda-app/vendor/laravel/framework/src/Illuminate/Container/Container.php(795): Illuminate/Container/Container->build(Object(Closure))
#3 C:/Users/Arabin/Desktop/Projects/My Project/task/task1-multi-login-sso/foodpanda-app/vendor/laravel/framework/src/Illuminate/Foundation/Application.php(986): Illuminate/Container/Container->resolve('view.finder', Array, true)
#4 C:/Users/Arabin/Desktop/Projects/My Project/task/task1-multi-login-sso/foodpanda-app/vendor/laravel/framework/src/Illuminate/Container/Container.php(731): Illuminate/Foundation/Application->resolve('view.finder', Array)
#5 C:/Users/Arabin/Desktop/Projects/My Project/task/task1-multi-login-sso/foodpanda-app/vendor/laravel/framework/src/Illuminate/Foundation/Application.php(971): Illuminate/Container/Container->make('view.finder', Array)
#6 C:/Users/Arabin/Desktop/Projects/My Project/task/task1-multi-login-sso/foodpanda-app/vendor/laravel/framework/src/Illuminate/Container/Container.php(1454): Illuminate/Foundation/Application->make('view.finder')
#7 C:/Users/Arabin/Desktop/Projects/My Project/task/task1-multi-login-sso/foodpanda-app/vendor/laravel/framework/src/Illuminate/View/ViewServiceProvider.php(45): Illuminate/Container/Container->offsetGet('view.finder')
#8 C:/Users/Arabin/Desktop/Projects/My Project/task/task1-multi-login-sso/foodpanda-app/vendor/laravel/framework/src/Illuminate/Container/Container.php(908): Illuminate/View/ViewServiceProvider->Illuminate/View/{closure}(Object(Illuminate/Foundation/Application), Array)
#9 C:/Users/Arabin/Desktop/Projects/My Project/task/task1-multi-login-sso/foodpanda-app/vendor/laravel/framework/src/Illuminate/Container/Container.php(795): Illuminate/Container/Container->build(Object(Closure))
#10 C:/Users/Arabin/Desktop/Projects/My Project/task/task1-multi-login-sso/foodpanda-app/vendor/laravel/framework/src/Illuminate/Foundation/Application.php(986): Illuminate/Container/Container->resolve('view', Array, true)
#11 C:/Users/Arabin/Desktop/Projects/My Project/task/task1-multi-login-sso/foodpanda-app/vendor/laravel/framework/src/Illuminate/Container/Container.php(731): Illuminate/Foundation/Application->resolve('view', Array)
#12 C:/Users/Arabin/Desktop/Projects/My Project/task/task1-multi-login-sso/foodpanda-app/vendor/laravel/framework/src/Illuminate/Foundation/Application.php(971): Illuminate/Container/Container->make('view', Array)
#13 C:/Users/Arabin/Desktop/Projects/My Project/task/task1-multi-login-sso/foodpanda-app/vendor/laravel/framework/src/Illuminate/Container/Container.php(1066): Illuminate/Foundation/Application->make('view')
#14 C:/Users/Arabin/Desktop/Projects/My Project/task/task1-multi-login-sso/foodpanda-app/vendor/laravel/framework/src/Illuminate/Container/Container.php(982): Illuminate/Container/Container->resolveClass(Object(ReflectionParameter))
#15 C:/Users/Arabin/Desktop/Projects/My Project/task/task1-multi-login-sso/foodpanda-app/vendor/laravel/framework/src/Illuminate/Container/Container.php(943): Illuminate/Container/Container->resolveDependencies(Array)
#16 C:/Users/Arabin/Desktop/Projects/My Project/task/task1-multi-login-sso/foodpanda-app/vendor/laravel/framework/src/Illuminate/Container/Container.php(795): Illuminate/Container/Container->build('Illuminate//View...')
#17 C:/Users/Arabin/Desktop/Projects/My Project/task/task1-multi-login-sso/foodpanda-app/vendor/laravel/framework/src/Illuminate/Foundation/Application.php(986): Illuminate/Container/Container->resolve('Illuminate//View...', Array, true)
#18 C:/Users/Arabin/Desktop/Projects/My Project/task/task1-multi-login-sso/foodpanda-app/vendor/laravel/framework/src/Illuminate/Container/Container.php(731): Illuminate/Foundation/Application->resolve('Illuminate//View...', Array)
#19 C:/Users/Arabin/Desktop/Projects/My Project/task/task1-multi-login-sso/foodpanda-app/vendor/laravel/framework/src/Illuminate/Foundation/Application.php(971): Illuminate/Container/Container->make('Illuminate//View...', Array)
#20 C:/Users/Arabin/Desktop/Projects/My Project/task/task1-multi-login-sso/foodpanda-app/vendor/laravel/framework/src/Illuminate/Pipeline/Pipeline.php(172): Illuminate/Foundation/Application->make('Illuminate//View...')
#21 C:/Users/Arabin/Desktop/Projects/My Project/task/task1-multi-login-sso/foodpanda-app/vendor/laravel/framework/src/Illuminate/Session/Middleware/StartSession.php(121): Illuminate/Pipeline/Pipeline->Illuminate/Pipeline/{closure}(Object(Illuminate/Http/Request))
#22 C:/Users/Arabin/Desktop/Projects/My Project/task/task1-multi-login-sso/foodpanda-app/vendor/laravel/framework/src/Illuminate/Session/Middleware/StartSession.php(64): Illuminate/Session/Middleware/StartSession->handleStatefulRequest(Object(Illuminate/Http/Request), Object(Illuminate/Session/Store), Object(Closure))
#23 C:/Users/Arabin/Desktop/Projects/My Project/task/task1-multi-login-sso/foodpanda-app/vendor/laravel/framework/src/Illuminate/Pipeline/Pipeline.php(183): Illuminate/Session/Middleware/StartSession->handle(Object(Illuminate/Http/Request), Object(Closure))
#24 C:/Users/Arabin/Desktop/Projects/My Project/task/task1-multi-login-sso/foodpanda-app/vendor/laravel/framework/src/Illuminate/Cookie/Middleware/AddQueuedCookiesToResponse.php(37): Illuminate/Pipeline/Pipeline->Illuminate/Pipeline/{closure}(Object(Illuminate/Http/Request))
#25 C:/Users/Arabin/Desktop/Projects/My Project/task/task1-multi-login-sso/foodpanda-app/vendor/laravel/framework/src/Illuminate/Pipeline/Pipeline.php(183): Illuminate/Cookie/Middleware/AddQueuedCookiesToResponse->handle(Object(Illuminate/Http/Request), Object(Closure))
#26 C:/Users/Arabin/Desktop/Projects/My Project/task/task1-multi-login-sso/foodpanda-app/vendor/laravel/framework/src/Illuminate/Cookie/Middleware/EncryptCookies.php(67): Illuminate/Pipeline/Pipeline->Illuminate/Pipeline/{closure}(Object(Illuminate/Http/Request))
#27 C:/Users/Arabin/Desktop/Projects/My Project/task/task1-multi-login-sso/foodpanda-app/vendor/laravel/framework/src/Illuminate/Pipeline/Pipeline.php(183): Illuminate/Cookie/Middleware/EncryptCookies->handle(Object(Illuminate/Http/Request), Object(Closure))
#28 C:/Users/Arabin/Desktop/Projects/My Project/task/task1-multi-login-sso/foodpanda-app/vendor/laravel/framework/src/Illuminate/Pipeline/Pipeline.php(119): Illuminate/Pipeline/Pipeline->Illuminate/Pipeline/{closure}(Object(Illuminate/Http/Request))
#29 C:/Users/Arabin/Desktop/Projects/My Project/task/task1-multi-login-sso/foodpanda-app/vendor/laravel/framework/src/Illuminate/Routing/Router.php(805): Illuminate/Pipeline/Pipeline->then(Object(Closure))
#30 C:/Users/Arabin/Desktop/Projects/My Project/task/task1-multi-login-sso/foodpanda-app/vendor/laravel/framework/src/Illuminate/Routing/Router.php(784): Illuminate/Routing/Router->runRouteWithinStack(Object(Illuminate/Routing/Route), Object(Illuminate/Http/Request))
#31 C:/Users/Arabin/Desktop/Projects/My Project/task/task1-multi-login-sso/foodpanda-app/vendor/laravel/framework/src/Illuminate/Routing/Router.php(748): Illuminate/Routing/Router->runRoute(Object(Illuminate/Http/Request), Object(Illuminate/Routing/Route))
#32 C:/Users/Arabin/Desktop/Projects/My Project/task/task1-multi-login-sso/foodpanda-app/vendor/laravel/framework/src/Illuminate/Routing/Router.php(737): Illuminate/Routing/Router->dispatchToRoute(Object(Illuminate/Http/Request))
#33 C:/Users/Arabin/Desktop/Projects/My Project/task/task1-multi-login-sso/foodpanda-app/vendor/laravel/framework/src/Illuminate/Foundation/Http/Kernel.php(200): Illuminate/Routing/Router->dispatch(Object(Illuminate/Http/Request))
#34 C:/Users/Arabin/Desktop/Projects/My Project/task/task1-multi-login-sso/foodpanda-app/vendor/laravel/framework/src/Illuminate/Pipeline/Pipeline.php(144): Illuminate/Foundation/Http/Kernel->Illuminate/Foundation/Http/{closure}(Object(Illuminate/Http/Request))
#35 C:/Users/Arabin/Desktop/Projects/My Project/task/task1-multi-login-sso/foodpanda-app/vendor/laravel/framework/src/Illuminate/Foundation/Http/Middleware/TransformsRequest.php(21): Illuminate/Pipeline/Pipeline->Illuminate/Pipeline/{closure}(Object(Illuminate/Http/Request))
#36 C:/Users/Arabin/Desktop/Projects/My Project/task/task1-multi-login-sso/foodpanda-app/vendor/laravel/framework/src/Illuminate/Foundation/Http/Middleware/ConvertEmptyStringsToNull.php(31): Illuminate/Foundation/Http/Middleware/TransformsRequest->handle(Object(Illuminate/Http/Request), Object(Closure))
#37 C:/Users/Arabin/Desktop/Projects/My Project/task/task1-multi-login-sso/foodpanda-app/vendor/laravel/framework/src/Illuminate/Pipeline/Pipeline.php(183): Illuminate/Foundation/Http/Middleware/ConvertEmptyStringsToNull->handle(Object(Illuminate/Http/Request), Object(Closure))
#38 C:/Users/Arabin/Desktop/Projects/My Project/task/task1-multi-login-sso/foodpanda-app/vendor/laravel/framework/src/Illuminate/Foundation/Http/Middleware/TransformsRequest.php(21): Illuminate/Pipeline/Pipeline->Illuminate/Pipeline/{closure}(Object(Illuminate/Http/Request))
#39 C:/Users/Arabin/Desktop/Projects/My Project/task/task1-multi-login-sso/foodpanda-app/vendor/laravel/framework/src/Illuminate/Foundation/Http/Middleware/TrimStrings.php(40): Illuminate/Foundation/Http/Middleware/TransformsRequest->handle(Object(Illuminate/Http/Request), Object(Closure))
#40 C:/Users/Arabin/Desktop/Projects/My Project/task/task1-multi-login-sso/foodpanda-app/vendor/laravel/framework/src/Illuminate/Pipeline/Pipeline.php(183): Illuminate/Foundation/Http/Middleware/TrimStrings->handle(Object(Illuminate/Http/Request), Object(Closure))
#41 C:/Users/Arabin/Desktop/Projects/My Project/task/task1-multi-login-sso/foodpanda-app/vendor/laravel/framework/src/Illuminate/Foundation/Http/Middleware/ValidatePostSize.php(27): Illuminate/Pipeline/Pipeline->Illuminate/Pipeline/{closure}(Object(Illuminate/Http/Request))
#42 C:/Users/Arabin/Desktop/Projects/My Project/task/task1-multi-login-sso/foodpanda-app/vendor/laravel/framework/src/Illuminate/Pipeline/Pipeline.php(183): Illuminate/Foundation/Http/Middleware/ValidatePostSize->handle(Object(Illuminate/Http/Request), Object(Closure))
#43 C:/Users/Arabin/Desktop/Projects/My Project/task/task1-multi-login-sso/foodpanda-app/vendor/laravel/framework/src/Illuminate/Foundation/Http/Middleware/PreventRequestsDuringMaintenance.php(99): Illuminate/Pipeline/Pipeline->Illuminate/Pipeline/{closure}(Object(Illuminate/Http/Request))
#44 C:/Users/Arabin/Desktop/Projects/My Project/task/task1-multi-login-sso/foodpanda-app/vendor/laravel/framework/src/Illuminate/Pipeline/Pipeline.php(183): Illuminate/Foundation/Http/Middleware/PreventRequestsDuringMaintenance->handle(Object(Illuminate/Http/Request), Object(Closure))
#45 C:/Users/Arabin/Desktop/Projects/My Project/task/task1-multi-login-sso/foodpanda-app/vendor/laravel/framework/src/Illuminate/Http/Middleware/HandleCors.php(49): Illuminate/Pipeline/Pipeline->Illuminate/Pipeline/{closure}(Object(Illuminate/Http/Request))
#46 C:/Users/Arabin/Desktop/Projects/My Project/task/task1-multi-login-sso/foodpanda-app/vendor/laravel/framework/src/Illuminate/Pipeline/Pipeline.php(183): Illuminate/Http/Middleware/HandleCors->handle(Object(Illuminate/Http/Request), Object(Closure))
#47 C:/Users/Arabin/Desktop/Projects/My Project/task/task1-multi-login-sso/foodpanda-app/vendor/laravel/framework/src/Illuminate/Http/Middleware/TrustProxies.php(39): Illuminate/Pipeline/Pipeline->Illuminate/Pipeline/{closure}(Object(Illuminate/Http/Request))
#48 C:/Users/Arabin/Desktop/Projects/My Project/task/task1-multi-login-sso/foodpanda-app/vendor/laravel/framework/src/Illuminate/Pipeline/Pipeline.php(183): Illuminate/Http/Middleware/TrustProxies->handle(Object(Illuminate/Http/Request), Object(Closure))
#49 C:/Users/Arabin/Desktop/Projects/My Project/task/task1-multi-login-sso/foodpanda-app/vendor/laravel/framework/src/Illuminate/Pipeline/Pipeline.php(119): Illuminate/Pipeline/Pipeline->Illuminate/Pipeline/{closure}(Object(Illuminate/Http/Request))
#50 C:/Users/Arabin/Desktop/Projects/My Project/task/task1-multi-login-sso/foodpanda-app/vendor/laravel/framework/src/Illuminate/Foundation/Http/Kernel.php(175): Illuminate/Pipeline/Pipeline->then(Object(Closure))
#51 C:/Users/Arabin/Desktop/Projects/My Project/task/task1-multi-login-sso/foodpanda-app/vendor/laravel/framework/src/Illuminate/Foundation/Http/Kernel.php(144): Illuminate/Foundation/Http/Kernel->sendRequestThroughRouter(Object(Illuminate/Http/Request))
#52 C:/Users/Arabin/Desktop/Projects/My Project/task/task1-multi-login-sso/foodpanda-app/public/index.php(36): Illuminate/Foundation/Http/Kernel->handle(Object(Illuminate/Http/Request))
#53 C:/Users/Arabin/Desktop/Projects/My Project/task/task1-multi-login-sso/foodpanda-app/vendor/laravel/framework/src/Illuminate/Foundation/resources/server.php(16): require_once('C://Users//Arabin...')
#54 {main}
"} 
[2026-02-24 19:53:02] laravel.EMERGENCY: Unable to create configured logger. Using emergency logger. {"exception":"[object] (InvalidArgumentException(code: 0): Log [] is not defined. at C:/Users/Arabin/Desktop/Projects/My Project/task/task1-multi-login-sso/foodpanda-app/vendor/laravel/framework/src/Illuminate/Log/LogManager.php:212)
[stacktrace]
#0 C:/Users/Arabin/Desktop/Projects/My Project/task/task1-multi-login-sso/foodpanda-app/vendor/laravel/framework/src/Illuminate/Log/LogManager.php(137): Illuminate/Log/LogManager->resolve(NULL, NULL)
#1 C:/Users/Arabin/Desktop/Projects/My Project/task/task1-multi-login-sso/foodpanda-app/vendor/laravel/framework/src/Illuminate/Log/LogManager.php(124): Illuminate/Log/LogManager->get(NULL)
#2 C:/Users/Arabin/Desktop/Projects/My Project/task/task1-multi-login-sso/foodpanda-app/vendor/laravel/framework/src/Illuminate/Log/LogManager.php(681): Illuminate/Log/LogManager->driver()
#3 C:/Users/Arabin/Desktop/Projects/My Project/task/task1-multi-login-sso/foodpanda-app/vendor/laravel/framework/src/Illuminate/Foundation/Exceptions/Handler.php(317): Illuminate/Log/LogManager->error('Illuminate//View...', Array)
#4 C:/Users/Arabin/Desktop/Projects/My Project/task/task1-multi-login-sso/foodpanda-app/vendor/laravel/framework/src/Illuminate/Foundation/Exceptions/Handler.php(278): Illuminate/Foundation/Exceptions/Handler->reportThrowable(Object(TypeError))
#5 C:/Users/Arabin/Desktop/Projects/My Project/task/task1-multi-login-sso/foodpanda-app/vendor/laravel/framework/src/Illuminate/Foundation/Bootstrap/HandleExceptions.php(183): Illuminate/Foundation/Exceptions/Handler->report(Object(TypeError))
#6 C:/Users/Arabin/Desktop/Projects/My Project/task/task1-multi-login-sso/foodpanda-app/vendor/laravel/framework/src/Illuminate/Foundation/Bootstrap/HandleExceptions.php(255): Illuminate/Foundation/Bootstrap/HandleExceptions->handleException(Object(TypeError))
#7 [internal function]: Illuminate/Foundation/Bootstrap/HandleExceptions->Illuminate/Foundation/Bootstrap/{closure}(Object(TypeError))
#8 {main}
"} 
[2026-02-24 19:53:02] laravel.ERROR: Illuminate\View\FileViewFinder::__construct(): Argument #2 ($paths) must be of type array, null given, called in C:\Users\Arabin\Desktop\Projects\My Project\task\task1-multi-login-sso\foodpanda-app\vendor\laravel\framework\src\Illuminate\View\ViewServiceProvider.php on line 85 {"exception":"[object] (TypeError(code: 0): Illuminate\\View\\FileViewFinder::__construct(): Argument #2 ($paths) must be of type array, null given, called in C:\\Users\\Arabin\\Desktop\\Projects\\My Project\\task\\task1-multi-login-sso\\foodpanda-app\\vendor\\laravel\\framework\\src\\Illuminate\\View\\ViewServiceProvider.php on line 85 at C:/Users/Arabin/Desktop/Projects/My Project/task/task1-multi-login-sso/foodpanda-app/vendor/laravel/framework/src/Illuminate/View/FileViewFinder.php:53)
[stacktrace]
#0 C:/Users/Arabin/Desktop/Projects/My Project/task/task1-multi-login-sso/foodpanda-app/vendor/laravel/framework/src/Illuminate/View/ViewServiceProvider.php(85): Illuminate/View/FileViewFinder->__construct(Object(Illuminate/Filesystem/Filesystem), NULL)
#1 C:/Users/Arabin/Desktop/Projects/My Project/task/task1-multi-login-sso/foodpanda-app/vendor/laravel/framework/src/Illuminate/Container/Container.php(908): Illuminate/View/ViewServiceProvider->Illuminate/View/{closure}(Object(Illuminate/Foundation/Application), Array)
#2 C:/Users/Arabin/Desktop/Projects/My Project/task/task1-multi-login-sso/foodpanda-app/vendor/laravel/framework/src/Illuminate/Container/Container.php(795): Illuminate/Container/Container->build(Object(Closure))
#3 C:/Users/Arabin/Desktop/Projects/My Project/task/task1-multi-login-sso/foodpanda-app/vendor/laravel/framework/src/Illuminate/Foundation/Application.php(986): Illuminate/Container/Container->resolve('view.finder', Array, true)
#4 C:/Users/Arabin/Desktop/Projects/My Project/task/task1-multi-login-sso/foodpanda-app/vendor/laravel/framework/src/Illuminate/Container/Container.php(731): Illuminate/Foundation/Application->resolve('view.finder', Array)
#5 C:/Users/Arabin/Desktop/Projects/My Project/task/task1-multi-login-sso/foodpanda-app/vendor/laravel/framework/src/Illuminate/Foundation/Application.php(971): Illuminate/Container/Container->make('view.finder', Array)
#6 C:/Users/Arabin/Desktop/Projects/My Project/task/task1-multi-login-sso/foodpanda-app/vendor/laravel/framework/src/Illuminate/Container/Container.php(1454): Illuminate/Foundation/Application->make('view.finder')
#7 C:/Users/Arabin/Desktop/Projects/My Project/task/task1-multi-login-sso/foodpanda-app/vendor/laravel/framework/src/Illuminate/View/ViewServiceProvider.php(45): Illuminate/Container/Container->offsetGet('view.finder')
#8 C:/Users/Arabin/Desktop/Projects/My Project/task/task1-multi-login-sso/foodpanda-app/vendor/laravel/framework/src/Illuminate/Container/Container.php(908): Illuminate/View/ViewServiceProvider->Illuminate/View/{closure}(Object(Illuminate/Foundation/Application), Array)
#9 C:/Users/Arabin/Desktop/Projects/My Project/task/task1-multi-login-sso/foodpanda-app/vendor/laravel/framework/src/Illuminate/Container/Container.php(795): Illuminate/Container/Container->build(Object(Closure))
#10 C:/Users/Arabin/Desktop/Projects/My Project/task/task1-multi-login-sso/foodpanda-app/vendor/laravel/framework/src/Illuminate/Foundation/Application.php(986): Illuminate/Container/Container->resolve('view', Array, true)
#11 C:/Users/Arabin/Desktop/Projects/My Project/task/task1-multi-login-sso/foodpanda-app/vendor/laravel/framework/src/Illuminate/Container/Container.php(731): Illuminate/Foundation/Application->resolve('view', Array)
#12 C:/Users/Arabin/Desktop/Projects/My Project/task/task1-multi-login-sso/foodpanda-app/vendor/laravel/framework/src/Illuminate/Foundation/Application.php(971): Illuminate/Container/Container->make('view', Array)
#13 C:/Users/Arabin/Desktop/Projects/My Project/task/task1-multi-login-sso/foodpanda-app/vendor/laravel/framework/src/Illuminate/Container/Container.php(1066): Illuminate/Foundation/Application->make('view')
#14 C:/Users/Arabin/Desktop/Projects/My Project/task/task1-multi-login-sso/foodpanda-app/vendor/laravel/framework/src/Illuminate/Container/Container.php(982): Illuminate/Container/Container->resolveClass(Object(ReflectionParameter))
#15 C:/Users/Arabin/Desktop/Projects/My Project/task/task1-multi-login-sso/foodpanda-app/vendor/laravel/framework/src/Illuminate/Container/Container.php(943): Illuminate/Container/Container->resolveDependencies(Array)
#16 C:/Users/Arabin/Desktop/Projects/My Project/task/task1-multi-login-sso/foodpanda-app/vendor/laravel/framework/src/Illuminate/Container/Container.php(795): Illuminate/Container/Container->build('Illuminate//View...')
#17 C:/Users/Arabin/Desktop/Projects/My Project/task/task1-multi-login-sso/foodpanda-app/vendor/laravel/framework/src/Illuminate/Foundation/Application.php(986): Illuminate/Container/Container->resolve('Illuminate//View...', Array, true)
#18 C:/Users/Arabin/Desktop/Projects/My Project/task/task1-multi-login-sso/foodpanda-app/vendor/laravel/framework/src/Illuminate/Container/Container.php(731): Illuminate/Foundation/Application->resolve('Illuminate//View...', Array)
#19 C:/Users/Arabin/Desktop/Projects/My Project/task/task1-multi-login-sso/foodpanda-app/vendor/laravel/framework/src/Illuminate/Foundation/Application.php(971): Illuminate/Container/Container->make('Illuminate//View...', Array)
#20 C:/Users/Arabin/Desktop/Projects/My Project/task/task1-multi-login-sso/foodpanda-app/vendor/laravel/framework/src/Illuminate/Foundation/Http/Kernel.php(255): Illuminate/Foundation/Application->make('Illuminate//View...')
#21 C:/Users/Arabin/Desktop/Projects/My Project/task/task1-multi-login-sso/foodpanda-app/vendor/laravel/framework/src/Illuminate/Foundation/Http/Kernel.php(213): Illuminate/Foundation/Http/Kernel->terminateMiddleware(Object(Illuminate/Http/Request), Object(Illuminate/Http/Response))
#22 C:/Users/Arabin/Desktop/Projects/My Project/task/task1-multi-login-sso/foodpanda-app/public/index.php(40): Illuminate/Foundation/Http/Kernel->terminate(Object(Illuminate/Http/Request), Object(Illuminate/Http/Response))
#23 C:/Users/Arabin/Desktop/Projects/My Project/task/task1-multi-login-sso/foodpanda-app/vendor/laravel/framework/src/Illuminate/Foundation/resources/server.php(16): require_once('C://Users//Arabin...')
#24 {main}
"} 
[2026-02-24 19:53:03] laravel.EMERGENCY: Unable to create configured logger. Using emergency logger. {"exception":"[object] (InvalidArgumentException(code: 0): Log [] is not defined. at C:/Users/Arabin/Desktop/Projects/My Project/task/task1-multi-login-sso/foodpanda-app/vendor/laravel/framework/src/Illuminate/Log/LogManager.php:212)
[stacktrace]
#0 C:/Users/Arabin/Desktop/Projects/My Project/task/task1-multi-login-sso/foodpanda-app/vendor/laravel/framework/src/Illuminate/Log/LogManager.php(137): Illuminate/Log/LogManager->resolve(NULL, NULL)
#1 C:/Users/Arabin/Desktop/Projects/My Project/task/task1-multi-login-sso/foodpanda-app/vendor/laravel/framework/src/Illuminate/Log/LogManager.php(124): Illuminate/Log/LogManager->get(NULL)
#2 C:/Users/Arabin/Desktop/Projects/My Project/task/task1-multi-login-sso/foodpanda-app/vendor/laravel/framework/src/Illuminate/Log/LogManager.php(681): Illuminate/Log/LogManager->driver()
#3 C:/Users/Arabin/Desktop/Projects/My Project/task/task1-multi-login-sso/foodpanda-app/vendor/laravel/framework/src/Illuminate/Foundation/Exceptions/Handler.php(317): Illuminate/Log/LogManager->error('Illuminate//View...', Array)
#4 C:/Users/Arabin/Desktop/Projects/My Project/task/task1-multi-login-sso/foodpanda-app/vendor/laravel/framework/src/Illuminate/Foundation/Exceptions/Handler.php(278): Illuminate/Foundation/Exceptions/Handler->reportThrowable(Object(TypeError))
#5 C:/Users/Arabin/Desktop/Projects/My Project/task/task1-multi-login-sso/foodpanda-app/vendor/laravel/framework/src/Illuminate/Routing/Pipeline.php(49): Illuminate/Foundation/Exceptions/Handler->report(Object(TypeError))
#6 C:/Users/Arabin/Desktop/Projects/My Project/task/task1-multi-login-sso/foodpanda-app/vendor/laravel/framework/src/Illuminate/Pipeline/Pipeline.php(188): Illuminate/Routing/Pipeline->handleException(Object(Illuminate/Http/Request), Object(TypeError))
#7 C:/Users/Arabin/Desktop/Projects/My Project/task/task1-multi-login-sso/foodpanda-app/vendor/laravel/framework/src/Illuminate/Foundation/Http/Middleware/TransformsRequest.php(21): Illuminate/Pipeline/Pipeline->Illuminate/Pipeline/{closure}(Object(Illuminate/Http/Request))
#8 C:/Users/Arabin/Desktop/Projects/My Project/task/task1-multi-login-sso/foodpanda-app/vendor/laravel/framework/src/Illuminate/Foundation/Http/Middleware/TrimStrings.php(40): Illuminate/Foundation/Http/Middleware/TransformsRequest->handle(Object(Illuminate/Http/Request), Object(Closure))
#9 C:/Users/Arabin/Desktop/Projects/My Project/task/task1-multi-login-sso/foodpanda-app/vendor/laravel/framework/src/Illuminate/Pipeline/Pipeline.php(183): Illuminate/Foundation/Http/Middleware/TrimStrings->handle(Object(Illuminate/Http/Request), Object(Closure))
#10 C:/Users/Arabin/Desktop/Projects/My Project/task/task1-multi-login-sso/foodpanda-app/vendor/laravel/framework/src/Illuminate/Foundation/Http/Middleware/ValidatePostSize.php(27): Illuminate/Pipeline/Pipeline->Illuminate/Pipeline/{closure}(Object(Illuminate/Http/Request))
#11 C:/Users/Arabin/Desktop/Projects/My Project/task/task1-multi-login-sso/foodpanda-app/vendor/laravel/framework/src/Illuminate/Pipeline/Pipeline.php(183): Illuminate/Foundation/Http/Middleware/ValidatePostSize->handle(Object(Illuminate/Http/Request), Object(Closure))
#12 C:/Users/Arabin/Desktop/Projects/My Project/task/task1-multi-login-sso/foodpanda-app/vendor/laravel/framework/src/Illuminate/Foundation/Http/Middleware/PreventRequestsDuringMaintenance.php(99): Illuminate/Pipeline/Pipeline->Illuminate/Pipeline/{closure}(Object(Illuminate/Http/Request))
#13 C:/Users/Arabin/Desktop/Projects/My Project/task/task1-multi-login-sso/foodpanda-app/vendor/laravel/framework/src/Illuminate/Pipeline/Pipeline.php(183): Illuminate/Foundation/Http/Middleware/PreventRequestsDuringMaintenance->handle(Object(Illuminate/Http/Request), Object(Closure))
#14 C:/Users/Arabin/Desktop/Projects/My Project/task/task1-multi-login-sso/foodpanda-app/vendor/laravel/framework/src/Illuminate/Http/Middleware/HandleCors.php(49): Illuminate/Pipeline/Pipeline->Illuminate/Pipeline/{closure}(Object(Illuminate/Http/Request))
#15 C:/Users/Arabin/Desktop/Projects/My Project/task/task1-multi-login-sso/foodpanda-app/vendor/laravel/framework/src/Illuminate/Pipeline/Pipeline.php(183): Illuminate/Http/Middleware/HandleCors->handle(Object(Illuminate/Http/Request), Object(Closure))
#16 C:/Users/Arabin/Desktop/Projects/My Project/task/task1-multi-login-sso/foodpanda-app/vendor/laravel/framework/src/Illuminate/Http/Middleware/TrustProxies.php(39): Illuminate/Pipeline/Pipeline->Illuminate/Pipeline/{closure}(Object(Illuminate/Http/Request))
#17 C:/Users/Arabin/Desktop/Projects/My Project/task/task1-multi-login-sso/foodpanda-app/vendor/laravel/framework/src/Illuminate/Pipeline/Pipeline.php(183): Illuminate/Http/Middleware/TrustProxies->handle(Object(Illuminate/Http/Request), Object(Closure))
#18 C:/Users/Arabin/Desktop/Projects/My Project/task/task1-multi-login-sso/foodpanda-app/vendor/laravel/framework/src/Illuminate/Pipeline/Pipeline.php(119): Illuminate/Pipeline/Pipeline->Illuminate/Pipeline/{closure}(Object(Illuminate/Http/Request))
#19 C:/Users/Arabin/Desktop/Projects/My Project/task/task1-multi-login-sso/foodpanda-app/vendor/laravel/framework/src/Illuminate/Foundation/Http/Kernel.php(175): Illuminate/Pipeline/Pipeline->then(Object(Closure))
#20 C:/Users/Arabin/Desktop/Projects/My Project/task/task1-multi-login-sso/foodpanda-app/vendor/laravel/framework/src/Illuminate/Foundation/Http/Kernel.php(144): Illuminate/Foundation/Http/Kernel->sendRequestThroughRouter(Object(Illuminate/Http/Request))
#21 C:/Users/Arabin/Desktop/Projects/My Project/task/task1-multi-login-sso/foodpanda-app/public/index.php(36): Illuminate/Foundation/Http/Kernel->handle(Object(Illuminate/Http/Request))
#22 C:/Users/Arabin/Desktop/Projects/My Project/task/task1-multi-login-sso/foodpanda-app/vendor/laravel/framework/src/Illuminate/Foundation/resources/server.php(16): require_once('C://Users//Arabin...')
#23 {main}
"} 
[2026-02-24 19:53:03] laravel.ERROR: Illuminate\View\FileViewFinder::__construct(): Argument #2 ($paths) must be of type array, null given, called in C:\Users\Arabin\Desktop\Projects\My Project\task\task1-multi-login-sso\foodpanda-app\vendor\laravel\framework\src\Illuminate\View\ViewServiceProvider.php on line 85 {"exception":"[object] (TypeError(code: 0): Illuminate\\View\\FileViewFinder::__construct(): Argument #2 ($paths) must be of type array, null given, called in C:\\Users\\Arabin\\Desktop\\Projects\\My Project\\task\\task1-multi-login-sso\\foodpanda-app\\vendor\\laravel\\framework\\src\\Illuminate\\View\\ViewServiceProvider.php on line 85 at C:/Users/Arabin/Desktop/Projects/My Project/task/task1-multi-login-sso/foodpanda-app/vendor/laravel/framework/src/Illuminate/View/FileViewFinder.php:53)
[stacktrace]
#0 C:/Users/Arabin/Desktop/Projects/My Project/task/task1-multi-login-sso/foodpanda-app/vendor/laravel/framework/src/Illuminate/View/ViewServiceProvider.php(85): Illuminate/View/FileViewFinder->__construct(Object(Illuminate/Filesystem/Filesystem), NULL)
#1 C:/Users/Arabin/Desktop/Projects/My Project/task/task1-multi-login-sso/foodpanda-app/vendor/laravel/framework/src/Illuminate/Container/Container.php(908): Illuminate/View/ViewServiceProvider->Illuminate/View/{closure}(Object(Illuminate/Foundation/Application), Array)
#2 C:/Users/Arabin/Desktop/Projects/My Project/task/task1-multi-login-sso/foodpanda-app/vendor/laravel/framework/src/Illuminate/Container/Container.php(795): Illuminate/Container/Container->build(Object(Closure))
#3 C:/Users/Arabin/Desktop/Projects/My Project/task/task1-multi-login-sso/foodpanda-app/vendor/laravel/framework/src/Illuminate/Foundation/Application.php(986): Illuminate/Container/Container->resolve('view.finder', Array, true)
#4 C:/Users/Arabin/Desktop/Projects/My Project/task/task1-multi-login-sso/foodpanda-app/vendor/laravel/framework/src/Illuminate/Container/Container.php(731): Illuminate/Foundation/Application->resolve('view.finder', Array)
#5 C:/Users/Arabin/Desktop/Projects/My Project/task/task1-multi-login-sso/foodpanda-app/vendor/laravel/framework/src/Illuminate/Foundation/Application.php(971): Illuminate/Container/Container->make('view.finder', Array)
#6 C:/Users/Arabin/Desktop/Projects/My Project/task/task1-multi-login-sso/foodpanda-app/vendor/laravel/framework/src/Illuminate/Container/Container.php(1454): Illuminate/Foundation/Application->make('view.finder')
#7 C:/Users/Arabin/Desktop/Projects/My Project/task/task1-multi-login-sso/foodpanda-app/vendor/laravel/framework/src/Illuminate/View/ViewServiceProvider.php(45): Illuminate/Container/Container->offsetGet('view.finder')
#8 C:/Users/Arabin/Desktop/Projects/My Project/task/task1-multi-login-sso/foodpanda-app/vendor/laravel/framework/src/Illuminate/Container/Container.php(908): Illuminate/View/ViewServiceProvider->Illuminate/View/{closure}(Object(Illuminate/Foundation/Application), Array)
#9 C:/Users/Arabin/Desktop/Projects/My Project/task/task1-multi-login-sso/foodpanda-app/vendor/laravel/framework/src/Illuminate/Container/Container.php(795): Illuminate/Container/Container->build(Object(Closure))
#10 C:/Users/Arabin/Desktop/Projects/My Project/task/task1-multi-login-sso/foodpanda-app/vendor/laravel/framework/src/Illuminate/Foundation/Application.php(986): Illuminate/Container/Container->resolve('view', Array, true)
#11 C:/Users/Arabin/Desktop/Projects/My Project/task/task1-multi-login-sso/foodpanda-app/vendor/laravel/framework/src/Illuminate/Container/Container.php(731): Illuminate/Foundation/Application->resolve('view', Array)
#12 C:/Users/Arabin/Desktop/Projects/My Project/task/task1-multi-login-sso/foodpanda-app/vendor/laravel/framework/src/Illuminate/Foundation/Application.php(971): Illuminate/Container/Container->make('view', Array)
#13 C:/Users/Arabin/Desktop/Projects/My Project/task/task1-multi-login-sso/foodpanda-app/vendor/laravel/framework/src/Illuminate/Container/Container.php(1454): Illuminate/Foundation/Application->make('view')
#14 C:/Users/Arabin/Desktop/Projects/My Project/task/task1-multi-login-sso/foodpanda-app/vendor/laravel/framework/src/Illuminate/Support/Facades/Facade.php(237): Illuminate/Container/Container->offsetGet('view')
#15 C:/Users/Arabin/Desktop/Projects/My Project/task/task1-multi-login-sso/foodpanda-app/vendor/laravel/framework/src/Illuminate/Support/Facades/Facade.php(208): Illuminate/Support/Facades/Facade::resolveFacadeInstance('view')
#16 C:/Users/Arabin/Desktop/Projects/My Project/task/task1-multi-login-sso/foodpanda-app/vendor/laravel/framework/src/Illuminate/Support/Facades/Facade.php(349): Illuminate/Support/Facades/Facade::getFacadeRoot()
#17 C:/Users/Arabin/Desktop/Projects/My Project/task/task1-multi-login-sso/foodpanda-app/vendor/laravel/framework/src/Illuminate/Foundation/Exceptions/RegisterErrorViewPaths.php(16): Illuminate/Support/Facades/Facade::__callStatic('replaceNamespac...', Array)
#18 C:/Users/Arabin/Desktop/Projects/My Project/task/task1-multi-login-sso/foodpanda-app/vendor/laravel/framework/src/Illuminate/Foundation/Exceptions/Handler.php(744): Illuminate/Foundation/Exceptions/RegisterErrorViewPaths->__invoke()
#19 C:/Users/Arabin/Desktop/Projects/My Project/task/task1-multi-login-sso/foodpanda-app/vendor/laravel/framework/src/Illuminate/Foundation/Exceptions/Handler.php(719): Illuminate/Foundation/Exceptions/Handler->registerErrorViewPaths()
#20 C:/Users/Arabin/Desktop/Projects/My Project/task/task1-multi-login-sso/foodpanda-app/vendor/laravel/framework/src/Illuminate/Foundation/Exceptions/Handler.php(650): Illuminate/Foundation/Exceptions/Handler->renderHttpException(Object(Symfony/Component/HttpKernel/Exception/NotFoundHttpException))
#21 C:/Users/Arabin/Desktop/Projects/My Project/task/task1-multi-login-sso/foodpanda-app/vendor/laravel/framework/src/Illuminate/Foundation/Exceptions/Handler.php(556): Illuminate/Foundation/Exceptions/Handler->prepareResponse(Object(Illuminate/Http/Request), Object(Symfony/Component/HttpKernel/Exception/NotFoundHttpException))
#22 C:/Users/Arabin/Desktop/Projects/My Project/task/task1-multi-login-sso/foodpanda-app/vendor/laravel/framework/src/Illuminate/Foundation/Exceptions/Handler.php(473): Illuminate/Foundation/Exceptions/Handler->renderExceptionResponse(Object(Illuminate/Http/Request), Object(Symfony/Component/HttpKernel/Exception/NotFoundHttpException))
#23 C:/Users/Arabin/Desktop/Projects/My Project/task/task1-multi-login-sso/foodpanda-app/vendor/laravel/framework/src/Illuminate/Routing/Pipeline.php(51): Illuminate/Foundation/Exceptions/Handler->render(Object(Illuminate/Http/Request), Object(Symfony/Component/HttpKernel/Exception/NotFoundHttpException))
#24 C:/Users/Arabin/Desktop/Projects/My Project/task/task1-multi-login-sso/foodpanda-app/vendor/laravel/framework/src/Illuminate/Pipeline/Pipeline.php(146): Illuminate/Routing/Pipeline->handleException(Object(Illuminate/Http/Request), Object(Symfony/Component/HttpKernel/Exception/NotFoundHttpException))
#25 C:/Users/Arabin/Desktop/Projects/My Project/task/task1-multi-login-sso/foodpanda-app/vendor/laravel/framework/src/Illuminate/Foundation/Http/Middleware/TransformsRequest.php(21): Illuminate/Pipeline/Pipeline->Illuminate/Pipeline/{closure}(Object(Illuminate/Http/Request))
#26 C:/Users/Arabin/Desktop/Projects/My Project/task/task1-multi-login-sso/foodpanda-app/vendor/laravel/framework/src/Illuminate/Foundation/Http/Middleware/ConvertEmptyStringsToNull.php(31): Illuminate/Foundation/Http/Middleware/TransformsRequest->handle(Object(Illuminate/Http/Request), Object(Closure))
#27 C:/Users/Arabin/Desktop/Projects/My Project/task/task1-multi-login-sso/foodpanda-app/vendor/laravel/framework/src/Illuminate/Pipeline/Pipeline.php(183): Illuminate/Foundation/Http/Middleware/ConvertEmptyStringsToNull->handle(Object(Illuminate/Http/Request), Object(Closure))
#28 C:/Users/Arabin/Desktop/Projects/My Project/task/task1-multi-login-sso/foodpanda-app/vendor/laravel/framework/src/Illuminate/Foundation/Http/Middleware/TransformsRequest.php(21): Illuminate/Pipeline/Pipeline->Illuminate/Pipeline/{closure}(Object(Illuminate/Http/Request))
#29 C:/Users/Arabin/Desktop/Projects/My Project/task/task1-multi-login-sso/foodpanda-app/vendor/laravel/framework/src/Illuminate/Foundation/Http/Middleware/TrimStrings.php(40): Illuminate/Foundation/Http/Middleware/TransformsRequest->handle(Object(Illuminate/Http/Request), Object(Closure))
#30 C:/Users/Arabin/Desktop/Projects/My Project/task/task1-multi-login-sso/foodpanda-app/vendor/laravel/framework/src/Illuminate/Pipeline/Pipeline.php(183): Illuminate/Foundation/Http/Middleware/TrimStrings->handle(Object(Illuminate/Http/Request), Object(Closure))
#31 C:/Users/Arabin/Desktop/Projects/My Project/task/task1-multi-login-sso/foodpanda-app/vendor/laravel/framework/src/Illuminate/Foundation/Http/Middleware/ValidatePostSize.php(27): Illuminate/Pipeline/Pipeline->Illuminate/Pipeline/{closure}(Object(Illuminate/Http/Request))
#32 C:/Users/Arabin/Desktop/Projects/My Project/task/task1-multi-login-sso/foodpanda-app/vendor/laravel/framework/src/Illuminate/Pipeline/Pipeline.php(183): Illuminate/Foundation/Http/Middleware/ValidatePostSize->handle(Object(Illuminate/Http/Request), Object(Closure))
#33 C:/Users/Arabin/Desktop/Projects/My Project/task/task1-multi-login-sso/foodpanda-app/vendor/laravel/framework/src/Illuminate/Foundation/Http/Middleware/PreventRequestsDuringMaintenance.php(99): Illuminate/Pipeline/Pipeline->Illuminate/Pipeline/{closure}(Object(Illuminate/Http/Request))
#34 C:/Users/Arabin/Desktop/Projects/My Project/task/task1-multi-login-sso/foodpanda-app/vendor/laravel/framework/src/Illuminate/Pipeline/Pipeline.php(183): Illuminate/Foundation/Http/Middleware/PreventRequestsDuringMaintenance->handle(Object(Illuminate/Http/Request), Object(Closure))
#35 C:/Users/Arabin/Desktop/Projects/My Project/task/task1-multi-login-sso/foodpanda-app/vendor/laravel/framework/src/Illuminate/Http/Middleware/HandleCors.php(49): Illuminate/Pipeline/Pipeline->Illuminate/Pipeline/{closure}(Object(Illuminate/Http/Request))
#36 C:/Users/Arabin/Desktop/Projects/My Project/task/task1-multi-login-sso/foodpanda-app/vendor/laravel/framework/src/Illuminate/Pipeline/Pipeline.php(183): Illuminate/Http/Middleware/HandleCors->handle(Object(Illuminate/Http/Request), Object(Closure))
#37 C:/Users/Arabin/Desktop/Projects/My Project/task/task1-multi-login-sso/foodpanda-app/vendor/laravel/framework/src/Illuminate/Http/Middleware/TrustProxies.php(39): Illuminate/Pipeline/Pipeline->Illuminate/Pipeline/{closure}(Object(Illuminate/Http/Request))
#38 C:/Users/Arabin/Desktop/Projects/My Project/task/task1-multi-login-sso/foodpanda-app/vendor/laravel/framework/src/Illuminate/Pipeline/Pipeline.php(183): Illuminate/Http/Middleware/TrustProxies->handle(Object(Illuminate/Http/Request), Object(Closure))
#39 C:/Users/Arabin/Desktop/Projects/My Project/task/task1-multi-login-sso/foodpanda-app/vendor/laravel/framework/src/Illuminate/Pipeline/Pipeline.php(119): Illuminate/Pipeline/Pipeline->Illuminate/Pipeline/{closure}(Object(Illuminate/Http/Request))
#40 C:/Users/Arabin/Desktop/Projects/My Project/task/task1-multi-login-sso/foodpanda-app/vendor/laravel/framework/src/Illuminate/Foundation/Http/Kernel.php(175): Illuminate/Pipeline/Pipeline->then(Object(Closure))
#41 C:/Users/Arabin/Desktop/Projects/My Project/task/task1-multi-login-sso/foodpanda-app/vendor/laravel/framework/src/Illuminate/Foundation/Http/Kernel.php(144): Illuminate/Foundation/Http/Kernel->sendRequestThroughRouter(Object(Illuminate/Http/Request))
#42 C:/Users/Arabin/Desktop/Projects/My Project/task/task1-multi-login-sso/foodpanda-app/public/index.php(36): Illuminate/Foundation/Http/Kernel->handle(Object(Illuminate/Http/Request))
#43 C:/Users/Arabin/Desktop/Projects/My Project/task/task1-multi-login-sso/foodpanda-app/vendor/laravel/framework/src/Illuminate/Foundation/resources/server.php(16): require_once('C://Users//Arabin...')
#44 {main}
"} 
[2026-02-24 19:53:30] laravel.EMERGENCY: Unable to create configured logger. Using emergency logger. {"exception":"[object] (InvalidArgumentException(code: 0): Log [] is not defined. at C:/Users/Arabin/Desktop/Projects/My Project/task/task1-multi-login-sso/foodpanda-app/vendor/laravel/framework/src/Illuminate/Log/LogManager.php:212)
[stacktrace]
#0 C:/Users/Arabin/Desktop/Projects/My Project/task/task1-multi-login-sso/foodpanda-app/vendor/laravel/framework/src/Illuminate/Log/LogManager.php(137): Illuminate/Log/LogManager->resolve(NULL, NULL)
#1 C:/Users/Arabin/Desktop/Projects/My Project/task/task1-multi-login-sso/foodpanda-app/vendor/laravel/framework/src/Illuminate/Log/LogManager.php(124): Illuminate/Log/LogManager->get(NULL)
#2 C:/Users/Arabin/Desktop/Projects/My Project/task/task1-multi-login-sso/foodpanda-app/vendor/laravel/framework/src/Illuminate/Log/LogManager.php(681): Illuminate/Log/LogManager->driver()
#3 C:/Users/Arabin/Desktop/Projects/My Project/task/task1-multi-login-sso/foodpanda-app/vendor/laravel/framework/src/Illuminate/Foundation/Exceptions/Handler.php(317): Illuminate/Log/LogManager->error('SQLSTATE[42S01]...', Array)
#4 C:/Users/Arabin/Desktop/Projects/My Project/task/task1-multi-login-sso/foodpanda-app/vendor/laravel/framework/src/Illuminate/Foundation/Exceptions/Handler.php(278): Illuminate/Foundation/Exceptions/Handler->reportThrowable(Object(Illuminate/Database/QueryException))
#5 C:/Users/Arabin/Desktop/Projects/My Project/task/task1-multi-login-sso/foodpanda-app/vendor/nunomaduro/collision/src/Adapters/Laravel/ExceptionHandler.php(46): Illuminate/Foundation/Exceptions/Handler->report(Object(Illuminate/Database/QueryException))
#6 C:/Users/Arabin/Desktop/Projects/My Project/task/task1-multi-login-sso/foodpanda-app/vendor/laravel/framework/src/Illuminate/Foundation/Console/Kernel.php(523): NunoMaduro/Collision/Adapters/Laravel/ExceptionHandler->report(Object(Illuminate/Database/QueryException))
#7 C:/Users/Arabin/Desktop/Projects/My Project/task/task1-multi-login-sso/foodpanda-app/vendor/laravel/framework/src/Illuminate/Foundation/Console/Kernel.php(203): Illuminate/Foundation/Console/Kernel->reportException(Object(Illuminate/Database/QueryException))
#8 C:/Users/Arabin/Desktop/Projects/My Project/task/task1-multi-login-sso/foodpanda-app/artisan(24): Illuminate/Foundation/Console/Kernel->handle(Object(Symfony/Component/Console/Input/ArgvInput), Object(Symfony/Component/Console/Output/ConsoleOutput))
#9 {main}
"} 
[2026-02-24 19:53:30] laravel.ERROR: SQLSTATE[42S01]: Base table or view already exists: 1050 Table 'personal_access_tokens' already exists (Connection: mysql, SQL: create table `personal_access_tokens` (`id` bigint unsigned not null auto_increment primary key, `tokenable_type` varchar(255) not null, `tokenable_id` bigint unsigned not null, `name` varchar(255) not null, `token` varchar(64) not null, `abilities` text null, `last_used_at` timestamp null, `expires_at` timestamp null, `created_at` timestamp null, `updated_at` timestamp null) default character set utf8mb4 collate 'utf8mb4_unicode_ci') {"exception":"[object] (Illuminate\\Database\\QueryException(code: 42S01): SQLSTATE[42S01]: Base table or view already exists: 1050 Table 'personal_access_tokens' already exists (Connection: mysql, SQL: create table `personal_access_tokens` (`id` bigint unsigned not null auto_increment primary key, `tokenable_type` varchar(255) not null, `tokenable_id` bigint unsigned not null, `name` varchar(255) not null, `token` varchar(64) not null, `abilities` text null, `last_used_at` timestamp null, `expires_at` timestamp null, `created_at` timestamp null, `updated_at` timestamp null) default character set utf8mb4 collate 'utf8mb4_unicode_ci') at C:/Users/Arabin/Desktop/Projects/My Project/task/task1-multi-login-sso/foodpanda-app/vendor/laravel/framework/src/Illuminate/Database/Connection.php:829)
[stacktrace]
#0 C:/Users/Arabin/Desktop/Projects/My Project/task/task1-multi-login-sso/foodpanda-app/vendor/laravel/framework/src/Illuminate/Database/Connection.php(783): Illuminate/Database/Connection->runQueryCallback('create table `p...', Array, Object(Closure))
#1 C:/Users/Arabin/Desktop/Projects/My Project/task/task1-multi-login-sso/foodpanda-app/vendor/laravel/framework/src/Illuminate/Database/Connection.php(576): Illuminate/Database/Connection->run('create table `p...', Array, Object(Closure))
#2 C:/Users/Arabin/Desktop/Projects/My Project/task/task1-multi-login-sso/foodpanda-app/vendor/laravel/framework/src/Illuminate/Database/Schema/Blueprint.php(110): Illuminate/Database/Connection->statement('create table `p...')
#3 C:/Users/Arabin/Desktop/Projects/My Project/task/task1-multi-login-sso/foodpanda-app/vendor/laravel/framework/src/Illuminate/Database/Schema/Builder.php(602): Illuminate/Database/Schema/Blueprint->build(Object(Illuminate/Database/MySqlConnection), Object(Illuminate/Database/Schema/Grammars/MySqlGrammar))
#4 C:/Users/Arabin/Desktop/Projects/My Project/task/task1-multi-login-sso/foodpanda-app/vendor/laravel/framework/src/Illuminate/Database/Schema/Builder.php(456): Illuminate/Database/Schema/Builder->build(Object(Illuminate/Database/Schema/Blueprint))
#5 C:/Users/Arabin/Desktop/Projects/My Project/task/task1-multi-login-sso/foodpanda-app/vendor/laravel/framework/src/Illuminate/Support/Facades/Facade.php(355): Illuminate/Database/Schema/Builder->create('personal_access...', Object(Closure))
#6 C:/Users/Arabin/Desktop/Projects/My Project/task/task1-multi-login-sso/foodpanda-app/database/migrations/2024_01_01_000003_create_personal_access_tokens_table.php(11): Illuminate/Support/Facades/Facade::__callStatic('create', Array)
#7 C:/Users/Arabin/Desktop/Projects/My Project/task/task1-multi-login-sso/foodpanda-app/vendor/laravel/framework/src/Illuminate/Database/Migrations/Migrator.php(501): Illuminate/Database/Migrations/Migration@anonymous->up()
#8 C:/Users/Arabin/Desktop/Projects/My Project/task/task1-multi-login-sso/foodpanda-app/vendor/laravel/framework/src/Illuminate/Database/Migrations/Migrator.php(418): Illuminate/Database/Migrations/Migrator->runMethod(Object(Illuminate/Database/MySqlConnection), Object(Illuminate/Database/Migrations/Migration@anonymous), 'up')
#9 C:/Users/Arabin/Desktop/Projects/My Project/task/task1-multi-login-sso/foodpanda-app/vendor/laravel/framework/src/Illuminate/Database/Migrations/Migrator.php(427): Illuminate/Database/Migrations/Migrator->Illuminate/Database/Migrations/{closure}()
#10 C:/Users/Arabin/Desktop/Projects/My Project/task/task1-multi-login-sso/foodpanda-app/vendor/laravel/framework/src/Illuminate/Database/Migrations/Migrator.php(224): Illuminate/Database/Migrations/Migrator->runMigration(Object(Illuminate/Database/Migrations/Migration@anonymous), 'up')
#11 C:/Users/Arabin/Desktop/Projects/My Project/task/task1-multi-login-sso/foodpanda-app/vendor/laravel/framework/src/Illuminate/Console/View/Components/Task.php(37): Illuminate/Database/Migrations/Migrator->Illuminate/Database/Migrations/{closure}()
#12 C:/Users/Arabin/Desktop/Projects/My Project/task/task1-multi-login-sso/foodpanda-app/vendor/laravel/framework/src/Illuminate/Database/Migrations/Migrator.php(783): Illuminate/Console/View/Components/Task->render('2024_01_01_0000...', Object(Closure))
#13 C:/Users/Arabin/Desktop/Projects/My Project/task/task1-multi-login-sso/foodpanda-app/vendor/laravel/framework/src/Illuminate/Database/Migrations/Migrator.php(224): Illuminate/Database/Migrations/Migrator->write('Illuminate//Cons...', '2024_01_01_0000...', Object(Closure))
#14 C:/Users/Arabin/Desktop/Projects/My Project/task/task1-multi-login-sso/foodpanda-app/vendor/laravel/framework/src/Illuminate/Database/Migrations/Migrator.php(189): Illuminate/Database/Migrations/Migrator->runUp('C://Users//Arabin...', 1, false)
#15 C:/Users/Arabin/Desktop/Projects/My Project/task/task1-multi-login-sso/foodpanda-app/vendor/laravel/framework/src/Illuminate/Database/Migrations/Migrator.php(132): Illuminate/Database/Migrations/Migrator->runPending(Array, Array)
#16 C:/Users/Arabin/Desktop/Projects/My Project/task/task1-multi-login-sso/foodpanda-app/vendor/laravel/framework/src/Illuminate/Database/Console/Migrations/MigrateCommand.php(90): Illuminate/Database/Migrations/Migrator->run(Array, Array)
#17 C:/Users/Arabin/Desktop/Projects/My Project/task/task1-multi-login-sso/foodpanda-app/vendor/laravel/framework/src/Illuminate/Database/Migrations/Migrator.php(641): Illuminate/Database/Console/Migrations/MigrateCommand->Illuminate/Database/Console/Migrations/{closure}()
#18 C:/Users/Arabin/Desktop/Projects/My Project/task/task1-multi-login-sso/foodpanda-app/vendor/laravel/framework/src/Illuminate/Database/Console/Migrations/MigrateCommand.php(83): Illuminate/Database/Migrations/Migrator->usingConnection(NULL, Object(Closure))
#19 C:/Users/Arabin/Desktop/Projects/My Project/task/task1-multi-login-sso/foodpanda-app/vendor/laravel/framework/src/Illuminate/Container/BoundMethod.php(36): Illuminate/Database/Console/Migrations/MigrateCommand->handle()
#20 C:/Users/Arabin/Desktop/Projects/My Project/task/task1-multi-login-sso/foodpanda-app/vendor/laravel/framework/src/Illuminate/Container/Util.php(41): Illuminate/Container/BoundMethod::Illuminate/Container/{closure}()
#21 C:/Users/Arabin/Desktop/Projects/My Project/task/task1-multi-login-sso/foodpanda-app/vendor/laravel/framework/src/Illuminate/Container/BoundMethod.php(93): Illuminate/Container/Util::unwrapIfClosure(Object(Closure))
#22 C:/Users/Arabin/Desktop/Projects/My Project/task/task1-multi-login-sso/foodpanda-app/vendor/laravel/framework/src/Illuminate/Container/BoundMethod.php(35): Illuminate/Container/BoundMethod::callBoundMethod(Object(Illuminate/Foundation/Application), Array, Object(Closure))
#23 C:/Users/Arabin/Desktop/Projects/My Project/task/task1-multi-login-sso/foodpanda-app/vendor/laravel/framework/src/Illuminate/Container/Container.php(662): Illuminate/Container/BoundMethod::call(Object(Illuminate/Foundation/Application), Array, Array, NULL)
#24 C:/Users/Arabin/Desktop/Projects/My Project/task/task1-multi-login-sso/foodpanda-app/vendor/laravel/framework/src/Illuminate/Console/Command.php(211): Illuminate/Container/Container->call(Array)
#25 C:/Users/Arabin/Desktop/Projects/My Project/task/task1-multi-login-sso/foodpanda-app/vendor/symfony/console/Command/Command.php(326): Illuminate/Console/Command->execute(Object(Symfony/Component/Console/Input/ArgvInput), Object(Illuminate/Console/OutputStyle))
#26 C:/Users/Arabin/Desktop/Projects/My Project/task/task1-multi-login-sso/foodpanda-app/vendor/laravel/framework/src/Illuminate/Console/Command.php(180): Symfony/Component/Console/Command/Command->run(Object(Symfony/Component/Console/Input/ArgvInput), Object(Illuminate/Console/OutputStyle))
#27 C:/Users/Arabin/Desktop/Projects/My Project/task/task1-multi-login-sso/foodpanda-app/vendor/symfony/console/Application.php(1106): Illuminate/Console/Command->run(Object(Symfony/Component/Console/Input/ArgvInput), Object(Symfony/Component/Console/Output/ConsoleOutput))
#28 C:/Users/Arabin/Desktop/Projects/My Project/task/task1-multi-login-sso/foodpanda-app/vendor/symfony/console/Application.php(324): Symfony/Component/Console/Application->doRunCommand(Object(Illuminate/Database/Console/Migrations/MigrateCommand), Object(Symfony/Component/Console/Input/ArgvInput), Object(Symfony/Component/Console/Output/ConsoleOutput))
#29 C:/Users/Arabin/Desktop/Projects/My Project/task/task1-multi-login-sso/foodpanda-app/vendor/symfony/console/Application.php(175): Symfony/Component/Console/Application->doRun(Object(Symfony/Component/Console/Input/ArgvInput), Object(Symfony/Component/Console/Output/ConsoleOutput))
#30 C:/Users/Arabin/Desktop/Projects/My Project/task/task1-multi-login-sso/foodpanda-app/vendor/laravel/framework/src/Illuminate/Foundation/Console/Kernel.php(201): Symfony/Component/Console/Application->run(Object(Symfony/Component/Console/Input/ArgvInput), Object(Symfony/Component/Console/Output/ConsoleOutput))
#31 C:/Users/Arabin/Desktop/Projects/My Project/task/task1-multi-login-sso/foodpanda-app/artisan(24): Illuminate/Foundation/Console/Kernel->handle(Object(Symfony/Component/Console/Input/ArgvInput), Object(Symfony/Component/Console/Output/ConsoleOutput))
#32 {main}

[previous exception] [object] (PDOException(code: 42S01): SQLSTATE[42S01]: Base table or view already exists: 1050 Table 'personal_access_tokens' already exists at C:/Users/Arabin/Desktop/Projects/My Project/task/task1-multi-login-sso/foodpanda-app/vendor/laravel/framework/src/Illuminate/Database/Connection.php:587)
[stacktrace]
#0 C:/Users/Arabin/Desktop/Projects/My Project/task/task1-multi-login-sso/foodpanda-app/vendor/laravel/framework/src/Illuminate/Database/Connection.php(587): PDOStatement->execute()
#1 C:/Users/Arabin/Desktop/Projects/My Project/task/task1-multi-login-sso/foodpanda-app/vendor/laravel/framework/src/Illuminate/Database/Connection.php(816): Illuminate/Database/Connection->Illuminate/Database/{closure}('create table `p...', Array)
#2 C:/Users/Arabin/Desktop/Projects/My Project/task/task1-multi-login-sso/foodpanda-app/vendor/laravel/framework/src/Illuminate/Database/Connection.php(783): Illuminate/Database/Connection->runQueryCallback('create table `p...', Array, Object(Closure))
#3 C:/Users/Arabin/Desktop/Projects/My Project/task/task1-multi-login-sso/foodpanda-app/vendor/laravel/framework/src/Illuminate/Database/Connection.php(576): Illuminate/Database/Connection->run('create table `p...', Array, Object(Closure))
#4 C:/Users/Arabin/Desktop/Projects/My Project/task/task1-multi-login-sso/foodpanda-app/vendor/laravel/framework/src/Illuminate/Database/Schema/Blueprint.php(110): Illuminate/Database/Connection->statement('create table `p...')
#5 C:/Users/Arabin/Desktop/Projects/My Project/task/task1-multi-login-sso/foodpanda-app/vendor/laravel/framework/src/Illuminate/Database/Schema/Builder.php(602): Illuminate/Database/Schema/Blueprint->build(Object(Illuminate/Database/MySqlConnection), Object(Illuminate/Database/Schema/Grammars/MySqlGrammar))
#6 C:/Users/Arabin/Desktop/Projects/My Project/task/task1-multi-login-sso/foodpanda-app/vendor/laravel/framework/src/Illuminate/Database/Schema/Builder.php(456): Illuminate/Database/Schema/Builder->build(Object(Illuminate/Database/Schema/Blueprint))
#7 C:/Users/Arabin/Desktop/Projects/My Project/task/task1-multi-login-sso/foodpanda-app/vendor/laravel/framework/src/Illuminate/Support/Facades/Facade.php(355): Illuminate/Database/Schema/Builder->create('personal_access...', Object(Closure))
#8 C:/Users/Arabin/Desktop/Projects/My Project/task/task1-multi-login-sso/foodpanda-app/database/migrations/2024_01_01_000003_create_personal_access_tokens_table.php(11): Illuminate/Support/Facades/Facade::__callStatic('create', Array)
#9 C:/Users/Arabin/Desktop/Projects/My Project/task/task1-multi-login-sso/foodpanda-app/vendor/laravel/framework/src/Illuminate/Database/Migrations/Migrator.php(501): Illuminate/Database/Migrations/Migration@anonymous->up()
#10 C:/Users/Arabin/Desktop/Projects/My Project/task/task1-multi-login-sso/foodpanda-app/vendor/laravel/framework/src/Illuminate/Database/Migrations/Migrator.php(418): Illuminate/Database/Migrations/Migrator->runMethod(Object(Illuminate/Database/MySqlConnection), Object(Illuminate/Database/Migrations/Migration@anonymous), 'up')
#11 C:/Users/Arabin/Desktop/Projects/My Project/task/task1-multi-login-sso/foodpanda-app/vendor/laravel/framework/src/Illuminate/Database/Migrations/Migrator.php(427): Illuminate/Database/Migrations/Migrator->Illuminate/Database/Migrations/{closure}()
#12 C:/Users/Arabin/Desktop/Projects/My Project/task/task1-multi-login-sso/foodpanda-app/vendor/laravel/framework/src/Illuminate/Database/Migrations/Migrator.php(224): Illuminate/Database/Migrations/Migrator->runMigration(Object(Illuminate/Database/Migrations/Migration@anonymous), 'up')
#13 C:/Users/Arabin/Desktop/Projects/My Project/task/task1-multi-login-sso/foodpanda-app/vendor/laravel/framework/src/Illuminate/Console/View/Components/Task.php(37): Illuminate/Database/Migrations/Migrator->Illuminate/Database/Migrations/{closure}()
#14 C:/Users/Arabin/Desktop/Projects/My Project/task/task1-multi-login-sso/foodpanda-app/vendor/laravel/framework/src/Illuminate/Database/Migrations/Migrator.php(783): Illuminate/Console/View/Components/Task->render('2024_01_01_0000...', Object(Closure))
#15 C:/Users/Arabin/Desktop/Projects/My Project/task/task1-multi-login-sso/foodpanda-app/vendor/laravel/framework/src/Illuminate/Database/Migrations/Migrator.php(224): Illuminate/Database/Migrations/Migrator->write('Illuminate//Cons...', '2024_01_01_0000...', Object(Closure))
#16 C:/Users/Arabin/Desktop/Projects/My Project/task/task1-multi-login-sso/foodpanda-app/vendor/laravel/framework/src/Illuminate/Database/Migrations/Migrator.php(189): Illuminate/Database/Migrations/Migrator->runUp('C://Users//Arabin...', 1, false)
#17 C:/Users/Arabin/Desktop/Projects/My Project/task/task1-multi-login-sso/foodpanda-app/vendor/laravel/framework/src/Illuminate/Database/Migrations/Migrator.php(132): Illuminate/Database/Migrations/Migrator->runPending(Array, Array)
#18 C:/Users/Arabin/Desktop/Projects/My Project/task/task1-multi-login-sso/foodpanda-app/vendor/laravel/framework/src/Illuminate/Database/Console/Migrations/MigrateCommand.php(90): Illuminate/Database/Migrations/Migrator->run(Array, Array)
#19 C:/Users/Arabin/Desktop/Projects/My Project/task/task1-multi-login-sso/foodpanda-app/vendor/laravel/framework/src/Illuminate/Database/Migrations/Migrator.php(641): Illuminate/Database/Console/Migrations/MigrateCommand->Illuminate/Database/Console/Migrations/{closure}()
#20 C:/Users/Arabin/Desktop/Projects/My Project/task/task1-multi-login-sso/foodpanda-app/vendor/laravel/framework/src/Illuminate/Database/Console/Migrations/MigrateCommand.php(83): Illuminate/Database/Migrations/Migrator->usingConnection(NULL, Object(Closure))
#21 C:/Users/Arabin/Desktop/Projects/My Project/task/task1-multi-login-sso/foodpanda-app/vendor/laravel/framework/src/Illuminate/Container/BoundMethod.php(36): Illuminate/Database/Console/Migrations/MigrateCommand->handle()
#22 C:/Users/Arabin/Desktop/Projects/My Project/task/task1-multi-login-sso/foodpanda-app/vendor/laravel/framework/src/Illuminate/Container/Util.php(41): Illuminate/Container/BoundMethod::Illuminate/Container/{closure}()
#23 C:/Users/Arabin/Desktop/Projects/My Project/task/task1-multi-login-sso/foodpanda-app/vendor/laravel/framework/src/Illuminate/Container/BoundMethod.php(93): Illuminate/Container/Util::unwrapIfClosure(Object(Closure))
#24 C:/Users/Arabin/Desktop/Projects/My Project/task/task1-multi-login-sso/foodpanda-app/vendor/laravel/framework/src/Illuminate/Container/BoundMethod.php(35): Illuminate/Container/BoundMethod::callBoundMethod(Object(Illuminate/Foundation/Application), Array, Object(Closure))
#25 C:/Users/Arabin/Desktop/Projects/My Project/task/task1-multi-login-sso/foodpanda-app/vendor/laravel/framework/src/Illuminate/Container/Container.php(662): Illuminate/Container/BoundMethod::call(Object(Illuminate/Foundation/Application), Array, Array, NULL)
#26 C:/Users/Arabin/Desktop/Projects/My Project/task/task1-multi-login-sso/foodpanda-app/vendor/laravel/framework/src/Illuminate/Console/Command.php(211): Illuminate/Container/Container->call(Array)
#27 C:/Users/Arabin/Desktop/Projects/My Project/task/task1-multi-login-sso/foodpanda-app/vendor/symfony/console/Command/Command.php(326): Illuminate/Console/Command->execute(Object(Symfony/Component/Console/Input/ArgvInput), Object(Illuminate/Console/OutputStyle))
#28 C:/Users/Arabin/Desktop/Projects/My Project/task/task1-multi-login-sso/foodpanda-app/vendor/laravel/framework/src/Illuminate/Console/Command.php(180): Symfony/Component/Console/Command/Command->run(Object(Symfony/Component/Console/Input/ArgvInput), Object(Illuminate/Console/OutputStyle))
#29 C:/Users/Arabin/Desktop/Projects/My Project/task/task1-multi-login-sso/foodpanda-app/vendor/symfony/console/Application.php(1106): Illuminate/Console/Command->run(Object(Symfony/Component/Console/Input/ArgvInput), Object(Symfony/Component/Console/Output/ConsoleOutput))
#30 C:/Users/Arabin/Desktop/Projects/My Project/task/task1-multi-login-sso/foodpanda-app/vendor/symfony/console/Application.php(324): Symfony/Component/Console/Application->doRunCommand(Object(Illuminate/Database/Console/Migrations/MigrateCommand), Object(Symfony/Component/Console/Input/ArgvInput), Object(Symfony/Component/Console/Output/ConsoleOutput))
#31 C:/Users/Arabin/Desktop/Projects/My Project/task/task1-multi-login-sso/foodpanda-app/vendor/symfony/console/Application.php(175): Symfony/Component/Console/Application->doRun(Object(Symfony/Component/Console/Input/ArgvInput), Object(Symfony/Component/Console/Output/ConsoleOutput))
#32 C:/Users/Arabin/Desktop/Projects/My Project/task/task1-multi-login-sso/foodpanda-app/vendor/laravel/framework/src/Illuminate/Foundation/Console/Kernel.php(201): Symfony/Component/Console/Application->run(Object(Symfony/Component/Console/Input/ArgvInput), Object(Symfony/Component/Console/Output/ConsoleOutput))
#33 C:/Users/Arabin/Desktop/Projects/My Project/task/task1-multi-login-sso/foodpanda-app/artisan(24): Illuminate/Foundation/Console/Kernel->handle(Object(Symfony/Component/Console/Input/ArgvInput), Object(Symfony/Component/Console/Output/ConsoleOutput))
#34 {main}
"} 
[2026-02-24 19:53:48] laravel.EMERGENCY: Unable to create configured logger. Using emergency logger. {"exception":"[object] (InvalidArgumentException(code: 0): Log [] is not defined. at C:/Users/Arabin/Desktop/Projects/My Project/task/task1-multi-login-sso/foodpanda-app/vendor/laravel/framework/src/Illuminate/Log/LogManager.php:212)
[stacktrace]
#0 C:/Users/Arabin/Desktop/Projects/My Project/task/task1-multi-login-sso/foodpanda-app/vendor/laravel/framework/src/Illuminate/Log/LogManager.php(137): Illuminate/Log/LogManager->resolve(NULL, NULL)
#1 C:/Users/Arabin/Desktop/Projects/My Project/task/task1-multi-login-sso/foodpanda-app/vendor/laravel/framework/src/Illuminate/Log/LogManager.php(124): Illuminate/Log/LogManager->get(NULL)
#2 C:/Users/Arabin/Desktop/Projects/My Project/task/task1-multi-login-sso/foodpanda-app/vendor/laravel/framework/src/Illuminate/Log/LogManager.php(681): Illuminate/Log/LogManager->driver()
#3 C:/Users/Arabin/Desktop/Projects/My Project/task/task1-multi-login-sso/foodpanda-app/vendor/laravel/framework/src/Illuminate/Foundation/Exceptions/Handler.php(317): Illuminate/Log/LogManager->error('SQLSTATE[42S01]...', Array)
#4 C:/Users/Arabin/Desktop/Projects/My Project/task/task1-multi-login-sso/foodpanda-app/vendor/laravel/framework/src/Illuminate/Foundation/Exceptions/Handler.php(278): Illuminate/Foundation/Exceptions/Handler->reportThrowable(Object(Illuminate/Database/QueryException))
#5 C:/Users/Arabin/Desktop/Projects/My Project/task/task1-multi-login-sso/foodpanda-app/vendor/nunomaduro/collision/src/Adapters/Laravel/ExceptionHandler.php(46): Illuminate/Foundation/Exceptions/Handler->report(Object(Illuminate/Database/QueryException))
#6 C:/Users/Arabin/Desktop/Projects/My Project/task/task1-multi-login-sso/foodpanda-app/vendor/laravel/framework/src/Illuminate/Foundation/Console/Kernel.php(523): NunoMaduro/Collision/Adapters/Laravel/ExceptionHandler->report(Object(Illuminate/Database/QueryException))
#7 C:/Users/Arabin/Desktop/Projects/My Project/task/task1-multi-login-sso/foodpanda-app/vendor/laravel/framework/src/Illuminate/Foundation/Console/Kernel.php(203): Illuminate/Foundation/Console/Kernel->reportException(Object(Illuminate/Database/QueryException))
#8 C:/Users/Arabin/Desktop/Projects/My Project/task/task1-multi-login-sso/foodpanda-app/artisan(24): Illuminate/Foundation/Console/Kernel->handle(Object(Symfony/Component/Console/Input/ArgvInput), Object(Symfony/Component/Console/Output/ConsoleOutput))
#9 {main}
"} 
[2026-02-24 19:53:48] laravel.ERROR: SQLSTATE[42S01]: Base table or view already exists: 1050 Table 'personal_access_tokens' already exists (Connection: mysql, SQL: create table `personal_access_tokens` (`id` bigint unsigned not null auto_increment primary key, `tokenable_type` varchar(255) not null, `tokenable_id` bigint unsigned not null, `name` varchar(255) not null, `token` varchar(64) not null, `abilities` text null, `last_used_at` timestamp null, `expires_at` timestamp null, `created_at` timestamp null, `updated_at` timestamp null) default character set utf8mb4 collate 'utf8mb4_unicode_ci') {"exception":"[object] (Illuminate\\Database\\QueryException(code: 42S01): SQLSTATE[42S01]: Base table or view already exists: 1050 Table 'personal_access_tokens' already exists (Connection: mysql, SQL: create table `personal_access_tokens` (`id` bigint unsigned not null auto_increment primary key, `tokenable_type` varchar(255) not null, `tokenable_id` bigint unsigned not null, `name` varchar(255) not null, `token` varchar(64) not null, `abilities` text null, `last_used_at` timestamp null, `expires_at` timestamp null, `created_at` timestamp null, `updated_at` timestamp null) default character set utf8mb4 collate 'utf8mb4_unicode_ci') at C:/Users/Arabin/Desktop/Projects/My Project/task/task1-multi-login-sso/foodpanda-app/vendor/laravel/framework/src/Illuminate/Database/Connection.php:829)
[stacktrace]
#0 C:/Users/Arabin/Desktop/Projects/My Project/task/task1-multi-login-sso/foodpanda-app/vendor/laravel/framework/src/Illuminate/Database/Connection.php(783): Illuminate/Database/Connection->runQueryCallback('create table `p...', Array, Object(Closure))
#1 C:/Users/Arabin/Desktop/Projects/My Project/task/task1-multi-login-sso/foodpanda-app/vendor/laravel/framework/src/Illuminate/Database/Connection.php(576): Illuminate/Database/Connection->run('create table `p...', Array, Object(Closure))
#2 C:/Users/Arabin/Desktop/Projects/My Project/task/task1-multi-login-sso/foodpanda-app/vendor/laravel/framework/src/Illuminate/Database/Schema/Blueprint.php(110): Illuminate/Database/Connection->statement('create table `p...')
#3 C:/Users/Arabin/Desktop/Projects/My Project/task/task1-multi-login-sso/foodpanda-app/vendor/laravel/framework/src/Illuminate/Database/Schema/Builder.php(602): Illuminate/Database/Schema/Blueprint->build(Object(Illuminate/Database/MySqlConnection), Object(Illuminate/Database/Schema/Grammars/MySqlGrammar))
#4 C:/Users/Arabin/Desktop/Projects/My Project/task/task1-multi-login-sso/foodpanda-app/vendor/laravel/framework/src/Illuminate/Database/Schema/Builder.php(456): Illuminate/Database/Schema/Builder->build(Object(Illuminate/Database/Schema/Blueprint))
#5 C:/Users/Arabin/Desktop/Projects/My Project/task/task1-multi-login-sso/foodpanda-app/vendor/laravel/framework/src/Illuminate/Support/Facades/Facade.php(355): Illuminate/Database/Schema/Builder->create('personal_access...', Object(Closure))
#6 C:/Users/Arabin/Desktop/Projects/My Project/task/task1-multi-login-sso/foodpanda-app/database/migrations/2024_01_01_000003_create_personal_access_tokens_table.php(11): Illuminate/Support/Facades/Facade::__callStatic('create', Array)
#7 C:/Users/Arabin/Desktop/Projects/My Project/task/task1-multi-login-sso/foodpanda-app/vendor/laravel/framework/src/Illuminate/Database/Migrations/Migrator.php(501): Illuminate/Database/Migrations/Migration@anonymous->up()
#8 C:/Users/Arabin/Desktop/Projects/My Project/task/task1-multi-login-sso/foodpanda-app/vendor/laravel/framework/src/Illuminate/Database/Migrations/Migrator.php(418): Illuminate/Database/Migrations/Migrator->runMethod(Object(Illuminate/Database/MySqlConnection), Object(Illuminate/Database/Migrations/Migration@anonymous), 'up')
#9 C:/Users/Arabin/Desktop/Projects/My Project/task/task1-multi-login-sso/foodpanda-app/vendor/laravel/framework/src/Illuminate/Database/Migrations/Migrator.php(427): Illuminate/Database/Migrations/Migrator->Illuminate/Database/Migrations/{closure}()
#10 C:/Users/Arabin/Desktop/Projects/My Project/task/task1-multi-login-sso/foodpanda-app/vendor/laravel/framework/src/Illuminate/Database/Migrations/Migrator.php(224): Illuminate/Database/Migrations/Migrator->runMigration(Object(Illuminate/Database/Migrations/Migration@anonymous), 'up')
#11 C:/Users/Arabin/Desktop/Projects/My Project/task/task1-multi-login-sso/foodpanda-app/vendor/laravel/framework/src/Illuminate/Console/View/Components/Task.php(37): Illuminate/Database/Migrations/Migrator->Illuminate/Database/Migrations/{closure}()
#12 C:/Users/Arabin/Desktop/Projects/My Project/task/task1-multi-login-sso/foodpanda-app/vendor/laravel/framework/src/Illuminate/Database/Migrations/Migrator.php(783): Illuminate/Console/View/Components/Task->render('2024_01_01_0000...', Object(Closure))
#13 C:/Users/Arabin/Desktop/Projects/My Project/task/task1-multi-login-sso/foodpanda-app/vendor/laravel/framework/src/Illuminate/Database/Migrations/Migrator.php(224): Illuminate/Database/Migrations/Migrator->write('Illuminate//Cons...', '2024_01_01_0000...', Object(Closure))
#14 C:/Users/Arabin/Desktop/Projects/My Project/task/task1-multi-login-sso/foodpanda-app/vendor/laravel/framework/src/Illuminate/Database/Migrations/Migrator.php(189): Illuminate/Database/Migrations/Migrator->runUp('C://Users//Arabin...', 1, false)
#15 C:/Users/Arabin/Desktop/Projects/My Project/task/task1-multi-login-sso/foodpanda-app/vendor/laravel/framework/src/Illuminate/Database/Migrations/Migrator.php(132): Illuminate/Database/Migrations/Migrator->runPending(Array, Array)
#16 C:/Users/Arabin/Desktop/Projects/My Project/task/task1-multi-login-sso/foodpanda-app/vendor/laravel/framework/src/Illuminate/Database/Console/Migrations/MigrateCommand.php(90): Illuminate/Database/Migrations/Migrator->run(Array, Array)
#17 C:/Users/Arabin/Desktop/Projects/My Project/task/task1-multi-login-sso/foodpanda-app/vendor/laravel/framework/src/Illuminate/Database/Migrations/Migrator.php(641): Illuminate/Database/Console/Migrations/MigrateCommand->Illuminate/Database/Console/Migrations/{closure}()
#18 C:/Users/Arabin/Desktop/Projects/My Project/task/task1-multi-login-sso/foodpanda-app/vendor/laravel/framework/src/Illuminate/Database/Console/Migrations/MigrateCommand.php(83): Illuminate/Database/Migrations/Migrator->usingConnection(NULL, Object(Closure))
#19 C:/Users/Arabin/Desktop/Projects/My Project/task/task1-multi-login-sso/foodpanda-app/vendor/laravel/framework/src/Illuminate/Container/BoundMethod.php(36): Illuminate/Database/Console/Migrations/MigrateCommand->handle()
#20 C:/Users/Arabin/Desktop/Projects/My Project/task/task1-multi-login-sso/foodpanda-app/vendor/laravel/framework/src/Illuminate/Container/Util.php(41): Illuminate/Container/BoundMethod::Illuminate/Container/{closure}()
#21 C:/Users/Arabin/Desktop/Projects/My Project/task/task1-multi-login-sso/foodpanda-app/vendor/laravel/framework/src/Illuminate/Container/BoundMethod.php(93): Illuminate/Container/Util::unwrapIfClosure(Object(Closure))
#22 C:/Users/Arabin/Desktop/Projects/My Project/task/task1-multi-login-sso/foodpanda-app/vendor/laravel/framework/src/Illuminate/Container/BoundMethod.php(35): Illuminate/Container/BoundMethod::callBoundMethod(Object(Illuminate/Foundation/Application), Array, Object(Closure))
#23 C:/Users/Arabin/Desktop/Projects/My Project/task/task1-multi-login-sso/foodpanda-app/vendor/laravel/framework/src/Illuminate/Container/Container.php(662): Illuminate/Container/BoundMethod::call(Object(Illuminate/Foundation/Application), Array, Array, NULL)
#24 C:/Users/Arabin/Desktop/Projects/My Project/task/task1-multi-login-sso/foodpanda-app/vendor/laravel/framework/src/Illuminate/Console/Command.php(211): Illuminate/Container/Container->call(Array)
#25 C:/Users/Arabin/Desktop/Projects/My Project/task/task1-multi-login-sso/foodpanda-app/vendor/symfony/console/Command/Command.php(326): Illuminate/Console/Command->execute(Object(Symfony/Component/Console/Input/ArrayInput), Object(Illuminate/Console/OutputStyle))
#26 C:/Users/Arabin/Desktop/Projects/My Project/task/task1-multi-login-sso/foodpanda-app/vendor/laravel/framework/src/Illuminate/Console/Command.php(180): Symfony/Component/Console/Command/Command->run(Object(Symfony/Component/Console/Input/ArrayInput), Object(Illuminate/Console/OutputStyle))
#27 C:/Users/Arabin/Desktop/Projects/My Project/task/task1-multi-login-sso/foodpanda-app/vendor/laravel/framework/src/Illuminate/Console/Concerns/CallsCommands.php(67): Illuminate/Console/Command->run(Object(Symfony/Component/Console/Input/ArrayInput), Object(Illuminate/Console/OutputStyle))
#28 C:/Users/Arabin/Desktop/Projects/My Project/task/task1-multi-login-sso/foodpanda-app/vendor/laravel/framework/src/Illuminate/Console/Concerns/CallsCommands.php(28): Illuminate/Console/Command->runCommand('migrate', Array, Object(Illuminate/Console/OutputStyle))
#29 C:/Users/Arabin/Desktop/Projects/My Project/task/task1-multi-login-sso/foodpanda-app/vendor/laravel/framework/src/Illuminate/Database/Console/Migrations/FreshCommand.php(53): Illuminate/Console/Command->call('migrate', Array)
#30 C:/Users/Arabin/Desktop/Projects/My Project/task/task1-multi-login-sso/foodpanda-app/vendor/laravel/framework/src/Illuminate/Container/BoundMethod.php(36): Illuminate/Database/Console/Migrations/FreshCommand->handle()
#31 C:/Users/Arabin/Desktop/Projects/My Project/task/task1-multi-login-sso/foodpanda-app/vendor/laravel/framework/src/Illuminate/Container/Util.php(41): Illuminate/Container/BoundMethod::Illuminate/Container/{closure}()
#32 C:/Users/Arabin/Desktop/Projects/My Project/task/task1-multi-login-sso/foodpanda-app/vendor/laravel/framework/src/Illuminate/Container/BoundMethod.php(93): Illuminate/Container/Util::unwrapIfClosure(Object(Closure))
#33 C:/Users/Arabin/Desktop/Projects/My Project/task/task1-multi-login-sso/foodpanda-app/vendor/laravel/framework/src/Illuminate/Container/BoundMethod.php(35): Illuminate/Container/BoundMethod::callBoundMethod(Object(Illuminate/Foundation/Application), Array, Object(Closure))
#34 C:/Users/Arabin/Desktop/Projects/My Project/task/task1-multi-login-sso/foodpanda-app/vendor/laravel/framework/src/Illuminate/Container/Container.php(662): Illuminate/Container/BoundMethod::call(Object(Illuminate/Foundation/Application), Array, Array, NULL)
#35 C:/Users/Arabin/Desktop/Projects/My Project/task/task1-multi-login-sso/foodpanda-app/vendor/laravel/framework/src/Illuminate/Console/Command.php(211): Illuminate/Container/Container->call(Array)
#36 C:/Users/Arabin/Desktop/Projects/My Project/task/task1-multi-login-sso/foodpanda-app/vendor/symfony/console/Command/Command.php(326): Illuminate/Console/Command->execute(Object(Symfony/Component/Console/Input/ArgvInput), Object(Illuminate/Console/OutputStyle))
#37 C:/Users/Arabin/Desktop/Projects/My Project/task/task1-multi-login-sso/foodpanda-app/vendor/laravel/framework/src/Illuminate/Console/Command.php(180): Symfony/Component/Console/Command/Command->run(Object(Symfony/Component/Console/Input/ArgvInput), Object(Illuminate/Console/OutputStyle))
#38 C:/Users/Arabin/Desktop/Projects/My Project/task/task1-multi-login-sso/foodpanda-app/vendor/symfony/console/Application.php(1106): Illuminate/Console/Command->run(Object(Symfony/Component/Console/Input/ArgvInput), Object(Symfony/Component/Console/Output/ConsoleOutput))
#39 C:/Users/Arabin/Desktop/Projects/My Project/task/task1-multi-login-sso/foodpanda-app/vendor/symfony/console/Application.php(324): Symfony/Component/Console/Application->doRunCommand(Object(Illuminate/Database/Console/Migrations/FreshCommand), Object(Symfony/Component/Console/Input/ArgvInput), Object(Symfony/Component/Console/Output/ConsoleOutput))
#40 C:/Users/Arabin/Desktop/Projects/My Project/task/task1-multi-login-sso/foodpanda-app/vendor/symfony/console/Application.php(175): Symfony/Component/Console/Application->doRun(Object(Symfony/Component/Console/Input/ArgvInput), Object(Symfony/Component/Console/Output/ConsoleOutput))
#41 C:/Users/Arabin/Desktop/Projects/My Project/task/task1-multi-login-sso/foodpanda-app/vendor/laravel/framework/src/Illuminate/Foundation/Console/Kernel.php(201): Symfony/Component/Console/Application->run(Object(Symfony/Component/Console/Input/ArgvInput), Object(Symfony/Component/Console/Output/ConsoleOutput))
#42 C:/Users/Arabin/Desktop/Projects/My Project/task/task1-multi-login-sso/foodpanda-app/artisan(24): Illuminate/Foundation/Console/Kernel->handle(Object(Symfony/Component/Console/Input/ArgvInput), Object(Symfony/Component/Console/Output/ConsoleOutput))
#43 {main}

[previous exception] [object] (PDOException(code: 42S01): SQLSTATE[42S01]: Base table or view already exists: 1050 Table 'personal_access_tokens' already exists at C:/Users/Arabin/Desktop/Projects/My Project/task/task1-multi-login-sso/foodpanda-app/vendor/laravel/framework/src/Illuminate/Database/Connection.php:587)
[stacktrace]
#0 C:/Users/Arabin/Desktop/Projects/My Project/task/task1-multi-login-sso/foodpanda-app/vendor/laravel/framework/src/Illuminate/Database/Connection.php(587): PDOStatement->execute()
#1 C:/Users/Arabin/Desktop/Projects/My Project/task/task1-multi-login-sso/foodpanda-app/vendor/laravel/framework/src/Illuminate/Database/Connection.php(816): Illuminate/Database/Connection->Illuminate/Database/{closure}('create table `p...', Array)
#2 C:/Users/Arabin/Desktop/Projects/My Project/task/task1-multi-login-sso/foodpanda-app/vendor/laravel/framework/src/Illuminate/Database/Connection.php(783): Illuminate/Database/Connection->runQueryCallback('create table `p...', Array, Object(Closure))
#3 C:/Users/Arabin/Desktop/Projects/My Project/task/task1-multi-login-sso/foodpanda-app/vendor/laravel/framework/src/Illuminate/Database/Connection.php(576): Illuminate/Database/Connection->run('create table `p...', Array, Object(Closure))
#4 C:/Users/Arabin/Desktop/Projects/My Project/task/task1-multi-login-sso/foodpanda-app/vendor/laravel/framework/src/Illuminate/Database/Schema/Blueprint.php(110): Illuminate/Database/Connection->statement('create table `p...')
#5 C:/Users/Arabin/Desktop/Projects/My Project/task/task1-multi-login-sso/foodpanda-app/vendor/laravel/framework/src/Illuminate/Database/Schema/Builder.php(602): Illuminate/Database/Schema/Blueprint->build(Object(Illuminate/Database/MySqlConnection), Object(Illuminate/Database/Schema/Grammars/MySqlGrammar))
#6 C:/Users/Arabin/Desktop/Projects/My Project/task/task1-multi-login-sso/foodpanda-app/vendor/laravel/framework/src/Illuminate/Database/Schema/Builder.php(456): Illuminate/Database/Schema/Builder->build(Object(Illuminate/Database/Schema/Blueprint))
#7 C:/Users/Arabin/Desktop/Projects/My Project/task/task1-multi-login-sso/foodpanda-app/vendor/laravel/framework/src/Illuminate/Support/Facades/Facade.php(355): Illuminate/Database/Schema/Builder->create('personal_access...', Object(Closure))
#8 C:/Users/Arabin/Desktop/Projects/My Project/task/task1-multi-login-sso/foodpanda-app/database/migrations/2024_01_01_000003_create_personal_access_tokens_table.php(11): Illuminate/Support/Facades/Facade::__callStatic('create', Array)
#9 C:/Users/Arabin/Desktop/Projects/My Project/task/task1-multi-login-sso/foodpanda-app/vendor/laravel/framework/src/Illuminate/Database/Migrations/Migrator.php(501): Illuminate/Database/Migrations/Migration@anonymous->up()
#10 C:/Users/Arabin/Desktop/Projects/My Project/task/task1-multi-login-sso/foodpanda-app/vendor/laravel/framework/src/Illuminate/Database/Migrations/Migrator.php(418): Illuminate/Database/Migrations/Migrator->runMethod(Object(Illuminate/Database/MySqlConnection), Object(Illuminate/Database/Migrations/Migration@anonymous), 'up')
#11 C:/Users/Arabin/Desktop/Projects/My Project/task/task1-multi-login-sso/foodpanda-app/vendor/laravel/framework/src/Illuminate/Database/Migrations/Migrator.php(427): Illuminate/Database/Migrations/Migrator->Illuminate/Database/Migrations/{closure}()
#12 C:/Users/Arabin/Desktop/Projects/My Project/task/task1-multi-login-sso/foodpanda-app/vendor/laravel/framework/src/Illuminate/Database/Migrations/Migrator.php(224): Illuminate/Database/Migrations/Migrator->runMigration(Object(Illuminate/Database/Migrations/Migration@anonymous), 'up')
#13 C:/Users/Arabin/Desktop/Projects/My Project/task/task1-multi-login-sso/foodpanda-app/vendor/laravel/framework/src/Illuminate/Console/View/Components/Task.php(37): Illuminate/Database/Migrations/Migrator->Illuminate/Database/Migrations/{closure}()
#14 C:/Users/Arabin/Desktop/Projects/My Project/task/task1-multi-login-sso/foodpanda-app/vendor/laravel/framework/src/Illuminate/Database/Migrations/Migrator.php(783): Illuminate/Console/View/Components/Task->render('2024_01_01_0000...', Object(Closure))
#15 C:/Users/Arabin/Desktop/Projects/My Project/task/task1-multi-login-sso/foodpanda-app/vendor/laravel/framework/src/Illuminate/Database/Migrations/Migrator.php(224): Illuminate/Database/Migrations/Migrator->write('Illuminate//Cons...', '2024_01_01_0000...', Object(Closure))
#16 C:/Users/Arabin/Desktop/Projects/My Project/task/task1-multi-login-sso/foodpanda-app/vendor/laravel/framework/src/Illuminate/Database/Migrations/Migrator.php(189): Illuminate/Database/Migrations/Migrator->runUp('C://Users//Arabin...', 1, false)
#17 C:/Users/Arabin/Desktop/Projects/My Project/task/task1-multi-login-sso/foodpanda-app/vendor/laravel/framework/src/Illuminate/Database/Migrations/Migrator.php(132): Illuminate/Database/Migrations/Migrator->runPending(Array, Array)
#18 C:/Users/Arabin/Desktop/Projects/My Project/task/task1-multi-login-sso/foodpanda-app/vendor/laravel/framework/src/Illuminate/Database/Console/Migrations/MigrateCommand.php(90): Illuminate/Database/Migrations/Migrator->run(Array, Array)
#19 C:/Users/Arabin/Desktop/Projects/My Project/task/task1-multi-login-sso/foodpanda-app/vendor/laravel/framework/src/Illuminate/Database/Migrations/Migrator.php(641): Illuminate/Database/Console/Migrations/MigrateCommand->Illuminate/Database/Console/Migrations/{closure}()
#20 C:/Users/Arabin/Desktop/Projects/My Project/task/task1-multi-login-sso/foodpanda-app/vendor/laravel/framework/src/Illuminate/Database/Console/Migrations/MigrateCommand.php(83): Illuminate/Database/Migrations/Migrator->usingConnection(NULL, Object(Closure))
#21 C:/Users/Arabin/Desktop/Projects/My Project/task/task1-multi-login-sso/foodpanda-app/vendor/laravel/framework/src/Illuminate/Container/BoundMethod.php(36): Illuminate/Database/Console/Migrations/MigrateCommand->handle()
#22 C:/Users/Arabin/Desktop/Projects/My Project/task/task1-multi-login-sso/foodpanda-app/vendor/laravel/framework/src/Illuminate/Container/Util.php(41): Illuminate/Container/BoundMethod::Illuminate/Container/{closure}()
#23 C:/Users/Arabin/Desktop/Projects/My Project/task/task1-multi-login-sso/foodpanda-app/vendor/laravel/framework/src/Illuminate/Container/BoundMethod.php(93): Illuminate/Container/Util::unwrapIfClosure(Object(Closure))
#24 C:/Users/Arabin/Desktop/Projects/My Project/task/task1-multi-login-sso/foodpanda-app/vendor/laravel/framework/src/Illuminate/Container/BoundMethod.php(35): Illuminate/Container/BoundMethod::callBoundMethod(Object(Illuminate/Foundation/Application), Array, Object(Closure))
#25 C:/Users/Arabin/Desktop/Projects/My Project/task/task1-multi-login-sso/foodpanda-app/vendor/laravel/framework/src/Illuminate/Container/Container.php(662): Illuminate/Container/BoundMethod::call(Object(Illuminate/Foundation/Application), Array, Array, NULL)
#26 C:/Users/Arabin/Desktop/Projects/My Project/task/task1-multi-login-sso/foodpanda-app/vendor/laravel/framework/src/Illuminate/Console/Command.php(211): Illuminate/Container/Container->call(Array)
#27 C:/Users/Arabin/Desktop/Projects/My Project/task/task1-multi-login-sso/foodpanda-app/vendor/symfony/console/Command/Command.php(326): Illuminate/Console/Command->execute(Object(Symfony/Component/Console/Input/ArrayInput), Object(Illuminate/Console/OutputStyle))
#28 C:/Users/Arabin/Desktop/Projects/My Project/task/task1-multi-login-sso/foodpanda-app/vendor/laravel/framework/src/Illuminate/Console/Command.php(180): Symfony/Component/Console/Command/Command->run(Object(Symfony/Component/Console/Input/ArrayInput), Object(Illuminate/Console/OutputStyle))
#29 C:/Users/Arabin/Desktop/Projects/My Project/task/task1-multi-login-sso/foodpanda-app/vendor/laravel/framework/src/Illuminate/Console/Concerns/CallsCommands.php(67): Illuminate/Console/Command->run(Object(Symfony/Component/Console/Input/ArrayInput), Object(Illuminate/Console/OutputStyle))
#30 C:/Users/Arabin/Desktop/Projects/My Project/task/task1-multi-login-sso/foodpanda-app/vendor/laravel/framework/src/Illuminate/Console/Concerns/CallsCommands.php(28): Illuminate/Console/Command->runCommand('migrate', Array, Object(Illuminate/Console/OutputStyle))
#31 C:/Users/Arabin/Desktop/Projects/My Project/task/task1-multi-login-sso/foodpanda-app/vendor/laravel/framework/src/Illuminate/Database/Console/Migrations/FreshCommand.php(53): Illuminate/Console/Command->call('migrate', Array)
#32 C:/Users/Arabin/Desktop/Projects/My Project/task/task1-multi-login-sso/foodpanda-app/vendor/laravel/framework/src/Illuminate/Container/BoundMethod.php(36): Illuminate/Database/Console/Migrations/FreshCommand->handle()
#33 C:/Users/Arabin/Desktop/Projects/My Project/task/task1-multi-login-sso/foodpanda-app/vendor/laravel/framework/src/Illuminate/Container/Util.php(41): Illuminate/Container/BoundMethod::Illuminate/Container/{closure}()
#34 C:/Users/Arabin/Desktop/Projects/My Project/task/task1-multi-login-sso/foodpanda-app/vendor/laravel/framework/src/Illuminate/Container/BoundMethod.php(93): Illuminate/Container/Util::unwrapIfClosure(Object(Closure))
#35 C:/Users/Arabin/Desktop/Projects/My Project/task/task1-multi-login-sso/foodpanda-app/vendor/laravel/framework/src/Illuminate/Container/BoundMethod.php(35): Illuminate/Container/BoundMethod::callBoundMethod(Object(Illuminate/Foundation/Application), Array, Object(Closure))
#36 C:/Users/Arabin/Desktop/Projects/My Project/task/task1-multi-login-sso/foodpanda-app/vendor/laravel/framework/src/Illuminate/Container/Container.php(662): Illuminate/Container/BoundMethod::call(Object(Illuminate/Foundation/Application), Array, Array, NULL)
#37 C:/Users/Arabin/Desktop/Projects/My Project/task/task1-multi-login-sso/foodpanda-app/vendor/laravel/framework/src/Illuminate/Console/Command.php(211): Illuminate/Container/Container->call(Array)
#38 C:/Users/Arabin/Desktop/Projects/My Project/task/task1-multi-login-sso/foodpanda-app/vendor/symfony/console/Command/Command.php(326): Illuminate/Console/Command->execute(Object(Symfony/Component/Console/Input/ArgvInput), Object(Illuminate/Console/OutputStyle))
#39 C:/Users/Arabin/Desktop/Projects/My Project/task/task1-multi-login-sso/foodpanda-app/vendor/laravel/framework/src/Illuminate/Console/Command.php(180): Symfony/Component/Console/Command/Command->run(Object(Symfony/Component/Console/Input/ArgvInput), Object(Illuminate/Console/OutputStyle))
#40 C:/Users/Arabin/Desktop/Projects/My Project/task/task1-multi-login-sso/foodpanda-app/vendor/symfony/console/Application.php(1106): Illuminate/Console/Command->run(Object(Symfony/Component/Console/Input/ArgvInput), Object(Symfony/Component/Console/Output/ConsoleOutput))
#41 C:/Users/Arabin/Desktop/Projects/My Project/task/task1-multi-login-sso/foodpanda-app/vendor/symfony/console/Application.php(324): Symfony/Component/Console/Application->doRunCommand(Object(Illuminate/Database/Console/Migrations/FreshCommand), Object(Symfony/Component/Console/Input/ArgvInput), Object(Symfony/Component/Console/Output/ConsoleOutput))
#42 C:/Users/Arabin/Desktop/Projects/My Project/task/task1-multi-login-sso/foodpanda-app/vendor/symfony/console/Application.php(175): Symfony/Component/Console/Application->doRun(Object(Symfony/Component/Console/Input/ArgvInput), Object(Symfony/Component/Console/Output/ConsoleOutput))
#43 C:/Users/Arabin/Desktop/Projects/My Project/task/task1-multi-login-sso/foodpanda-app/vendor/laravel/framework/src/Illuminate/Foundation/Console/Kernel.php(201): Symfony/Component/Console/Application->run(Object(Symfony/Component/Console/Input/ArgvInput), Object(Symfony/Component/Console/Output/ConsoleOutput))
#44 C:/Users/Arabin/Desktop/Projects/My Project/task/task1-multi-login-sso/foodpanda-app/artisan(24): Illuminate/Foundation/Console/Kernel->handle(Object(Symfony/Component/Console/Input/ArgvInput), Object(Symfony/Component/Console/Output/ConsoleOutput))
#45 {main}
"} 
